{"/Users/zane/.liq/playground/liquid-labs/liq-projects/src/setup.mjs": {"path":"/Users/zane/.liq/playground/liquid-labs/liq-projects/src/setup.mjs","statementMap":{"0":{"start":{"line":3,"column":0},"end":{"line":3,"column":null}},"1":{"start":{"line":4,"column":0},"end":{"line":4,"column":null}},"2":{"start":{"line":5,"column":0},"end":{"line":5,"column":null}},"3":{"start":{"line":7,"column":14},"end":{"line":12,"column":1}},"4":{"start":{"line":8,"column":2},"end":{"line":8,"column":null}},"5":{"start":{"line":9,"column":2},"end":{"line":9,"column":null}},"6":{"start":{"line":10,"column":2},"end":{"line":10,"column":null}},"7":{"start":{"line":17,"column":2},"end":{"line":17,"column":null}},"8":{"start":{"line":51,"column":28},"end":{"line":51,"column":82}},"9":{"start":{"line":53,"column":27},"end":{"line":63,"column":1}},"10":{"start":{"line":54,"column":2},"end":{"line":57,"column":null}},"11":{"start":{"line":56,"column":27},"end":{"line":56,"column":null}},"12":{"start":{"line":59,"column":2},"end":{"line":62,"column":null}},"13":{"start":{"line":61,"column":34},"end":{"line":61,"column":null}},"14":{"start":{"line":65,"column":24},"end":{"line":71,"column":1}},"15":{"start":{"line":66,"column":28},"end":{"line":66,"column":78}},"16":{"start":{"line":67,"column":2},"end":{"line":67,"column":null}},"17":{"start":{"line":69,"column":2},"end":{"line":69,"column":null}},"18":{"start":{"line":70,"column":2},"end":{"line":70,"column":null}},"19":{"start":{"line":70,"column":42},"end":{"line":70,"column":73}}},"fnMap":{"0":{"name":"(anonymous_0)","decl":{"start":{"line":7,"column":14},"end":{"line":7,"column":20}},"loc":{"start":{"line":7,"column":42},"end":{"line":12,"column":1}}},"1":{"name":"(anonymous_1)","decl":{"start":{"line":53,"column":27},"end":{"line":53,"column":28}},"loc":{"start":{"line":53,"column":40},"end":{"line":63,"column":1}}},"2":{"name":"(anonymous_2)","decl":{"start":{"line":56,"column":21},"end":{"line":56,"column":27}},"loc":{"start":{"line":56,"column":27},"end":{"line":56,"column":null}}},"3":{"name":"(anonymous_3)","decl":{"start":{"line":61,"column":21},"end":{"line":61,"column":22}},"loc":{"start":{"line":61,"column":34},"end":{"line":61,"column":null}}},"4":{"name":"(anonymous_4)","decl":{"start":{"line":65,"column":24},"end":{"line":65,"column":30}},"loc":{"start":{"line":65,"column":42},"end":{"line":71,"column":1}}},"5":{"name":"(anonymous_5)","decl":{"start":{"line":70,"column":31},"end":{"line":70,"column":42}},"loc":{"start":{"line":70,"column":42},"end":{"line":70,"column":73}}}},"branchMap":{},"s":{"0":0,"1":0,"2":0,"3":0,"4":0,"5":0,"6":0,"7":0,"8":0,"9":0,"10":0,"11":0,"12":0,"13":0,"14":0,"15":0,"16":0,"17":0,"18":0,"19":0},"f":{"0":0,"1":0,"2":0,"3":0,"4":0,"5":0},"b":{}}
,"/Users/zane/.liq/playground/liquid-labs/liq-projects/src/handlers/projects/archive-implied.mjs": {"path":"/Users/zane/.liq/playground/liquid-labs/liq-projects/src/handlers/projects/archive-implied.mjs","statementMap":{"0":{"start":{"line":1,"column":0},"end":{"line":1,"column":null}},"1":{"start":{"line":3,"column":0},"end":{"line":3,"column":null}},"2":{"start":{"line":5,"column":0},"end":{"line":5,"column":null}},"3":{"start":{"line":7,"column":37},"end":{"line":7,"column":91}},"4":{"start":{"line":7,"column":91},"end":{"line":7,"column":null}},"5":{"start":{"line":9,"column":10},"end":{"line":9,"column":36}},"6":{"start":{"line":11,"column":13},"end":{"line":22,"column":1}},"7":{"start":{"line":11,"column":36},"end":{"line":22,"column":1}},"8":{"start":{"line":12,"column":2},"end":{"line":12,"column":null}},"9":{"start":{"line":14,"column":14},"end":{"line":14,"column":30}},"10":{"start":{"line":15,"column":2},"end":{"line":17,"column":null}},"11":{"start":{"line":16,"column":4},"end":{"line":16,"column":null}},"12":{"start":{"line":19,"column":32},"end":{"line":19,"column":70}},"13":{"start":{"line":21,"column":2},"end":{"line":21,"column":null}},"14":{"start":{"line":22,"column":1},"end":{"line":22,"column":null}}},"fnMap":{"0":{"name":"(anonymous_0)","decl":{"start":{"line":11,"column":13},"end":{"line":11,"column":14}},"loc":{"start":{"line":11,"column":36},"end":{"line":22,"column":1}}},"1":{"name":"(anonymous_1)","decl":{"start":{"line":11,"column":36},"end":{"line":11,"column":42}},"loc":{"start":{"line":11,"column":55},"end":{"line":22,"column":1}}}},"branchMap":{"0":{"loc":{"start":{"line":15,"column":2},"end":{"line":17,"column":null}},"type":"if","locations":[{"start":{"line":15,"column":2},"end":{"line":17,"column":null}}]}},"s":{"0":1,"1":1,"2":1,"3":1,"4":3,"5":1,"6":1,"7":2,"8":2,"9":2,"10":2,"11":1,"12":1,"13":1,"14":1},"f":{"0":2,"1":2},"b":{"0":[1]}}
,"/Users/zane/.liq/playground/liquid-labs/liq-projects/src/handlers/projects/archive.mjs": {"path":"/Users/zane/.liq/playground/liquid-labs/liq-projects/src/handlers/projects/archive.mjs","statementMap":{"0":{"start":{"line":1,"column":0},"end":{"line":1,"column":null}},"1":{"start":{"line":3,"column":37},"end":{"line":3,"column":89}},"2":{"start":{"line":3,"column":89},"end":{"line":3,"column":null}},"3":{"start":{"line":5,"column":10},"end":{"line":5,"column":52}},"4":{"start":{"line":7,"column":13},"end":{"line":13,"column":1}},"5":{"start":{"line":7,"column":36},"end":{"line":13,"column":1}},"6":{"start":{"line":8,"column":2},"end":{"line":8,"column":null}},"7":{"start":{"line":10,"column":26},"end":{"line":10,"column":34}},"8":{"start":{"line":12,"column":2},"end":{"line":12,"column":null}},"9":{"start":{"line":13,"column":1},"end":{"line":13,"column":null}}},"fnMap":{"0":{"name":"(anonymous_0)","decl":{"start":{"line":7,"column":13},"end":{"line":7,"column":14}},"loc":{"start":{"line":7,"column":36},"end":{"line":13,"column":1}}},"1":{"name":"(anonymous_1)","decl":{"start":{"line":7,"column":36},"end":{"line":7,"column":42}},"loc":{"start":{"line":7,"column":55},"end":{"line":13,"column":1}}}},"branchMap":{},"s":{"0":0,"1":0,"2":0,"3":0,"4":0,"5":0,"6":0,"7":0,"8":0,"9":0},"f":{"0":0,"1":0},"b":{}}
,"/Users/zane/.liq/playground/liquid-labs/liq-projects/src/handlers/projects/create.mjs": {"path":"/Users/zane/.liq/playground/liquid-labs/liq-projects/src/handlers/projects/create.mjs","statementMap":{"0":{"start":{"line":1,"column":0},"end":{"line":1,"column":null}},"1":{"start":{"line":3,"column":37},"end":{"line":3,"column":88}},"2":{"start":{"line":3,"column":88},"end":{"line":3,"column":null}},"3":{"start":{"line":5,"column":10},"end":{"line":5,"column":35}},"4":{"start":{"line":7,"column":13},"end":{"line":11,"column":1}},"5":{"start":{"line":7,"column":36},"end":{"line":11,"column":1}},"6":{"start":{"line":8,"column":2},"end":{"line":8,"column":null}},"7":{"start":{"line":10,"column":2},"end":{"line":10,"column":null}},"8":{"start":{"line":11,"column":1},"end":{"line":11,"column":null}}},"fnMap":{"0":{"name":"(anonymous_0)","decl":{"start":{"line":7,"column":13},"end":{"line":7,"column":14}},"loc":{"start":{"line":7,"column":36},"end":{"line":11,"column":1}}},"1":{"name":"(anonymous_1)","decl":{"start":{"line":7,"column":36},"end":{"line":7,"column":42}},"loc":{"start":{"line":7,"column":55},"end":{"line":11,"column":1}}}},"branchMap":{},"s":{"0":0,"1":0,"2":0,"3":0,"4":0,"5":0,"6":0,"7":0,"8":0},"f":{"0":0,"1":0},"b":{}}
,"/Users/zane/.liq/playground/liquid-labs/liq-projects/src/handlers/projects/destroy-implied.mjs": {"path":"/Users/zane/.liq/playground/liquid-labs/liq-projects/src/handlers/projects/destroy-implied.mjs","statementMap":{"0":{"start":{"line":1,"column":0},"end":{"line":1,"column":null}},"1":{"start":{"line":3,"column":0},"end":{"line":3,"column":null}},"2":{"start":{"line":5,"column":0},"end":{"line":5,"column":null}},"3":{"start":{"line":7,"column":10},"end":{"line":7,"column":36}},"4":{"start":{"line":9,"column":37},"end":{"line":9,"column":91}},"5":{"start":{"line":9,"column":91},"end":{"line":9,"column":null}},"6":{"start":{"line":11,"column":13},"end":{"line":22,"column":1}},"7":{"start":{"line":11,"column":43},"end":{"line":22,"column":1}},"8":{"start":{"line":12,"column":2},"end":{"line":12,"column":null}},"9":{"start":{"line":14,"column":14},"end":{"line":14,"column":30}},"10":{"start":{"line":15,"column":2},"end":{"line":17,"column":null}},"11":{"start":{"line":16,"column":4},"end":{"line":16,"column":null}},"12":{"start":{"line":19,"column":32},"end":{"line":19,"column":70}},"13":{"start":{"line":21,"column":2},"end":{"line":21,"column":null}},"14":{"start":{"line":22,"column":1},"end":{"line":22,"column":null}}},"fnMap":{"0":{"name":"(anonymous_0)","decl":{"start":{"line":11,"column":13},"end":{"line":11,"column":14}},"loc":{"start":{"line":11,"column":43},"end":{"line":22,"column":1}}},"1":{"name":"(anonymous_1)","decl":{"start":{"line":11,"column":43},"end":{"line":11,"column":49}},"loc":{"start":{"line":11,"column":62},"end":{"line":22,"column":1}}}},"branchMap":{"0":{"loc":{"start":{"line":15,"column":2},"end":{"line":17,"column":null}},"type":"if","locations":[{"start":{"line":15,"column":2},"end":{"line":17,"column":null}}]}},"s":{"0":0,"1":0,"2":0,"3":0,"4":0,"5":0,"6":0,"7":0,"8":0,"9":0,"10":0,"11":0,"12":0,"13":0,"14":0},"f":{"0":0,"1":0},"b":{"0":[0]}}
,"/Users/zane/.liq/playground/liquid-labs/liq-projects/src/handlers/projects/destroy.mjs": {"path":"/Users/zane/.liq/playground/liquid-labs/liq-projects/src/handlers/projects/destroy.mjs","statementMap":{"0":{"start":{"line":1,"column":0},"end":{"line":1,"column":null}},"1":{"start":{"line":3,"column":10},"end":{"line":3,"column":52}},"2":{"start":{"line":5,"column":37},"end":{"line":5,"column":89}},"3":{"start":{"line":5,"column":89},"end":{"line":5,"column":null}},"4":{"start":{"line":7,"column":13},"end":{"line":13,"column":1}},"5":{"start":{"line":7,"column":43},"end":{"line":13,"column":1}},"6":{"start":{"line":8,"column":2},"end":{"line":8,"column":null}},"7":{"start":{"line":10,"column":26},"end":{"line":10,"column":34}},"8":{"start":{"line":12,"column":2},"end":{"line":12,"column":null}},"9":{"start":{"line":13,"column":1},"end":{"line":13,"column":null}}},"fnMap":{"0":{"name":"(anonymous_0)","decl":{"start":{"line":7,"column":13},"end":{"line":7,"column":14}},"loc":{"start":{"line":7,"column":43},"end":{"line":13,"column":1}}},"1":{"name":"(anonymous_1)","decl":{"start":{"line":7,"column":43},"end":{"line":7,"column":49}},"loc":{"start":{"line":7,"column":62},"end":{"line":13,"column":1}}}},"branchMap":{},"s":{"0":0,"1":0,"2":0,"3":0,"4":0,"5":0,"6":0,"7":0,"8":0,"9":0},"f":{"0":0,"1":0},"b":{}}
,"/Users/zane/.liq/playground/liquid-labs/liq-projects/src/handlers/projects/detail-implied.mjs": {"path":"/Users/zane/.liq/playground/liquid-labs/liq-projects/src/handlers/projects/detail-implied.mjs","statementMap":{"0":{"start":{"line":2,"column":0},"end":{"line":2,"column":null}},"1":{"start":{"line":4,"column":0},"end":{"line":4,"column":null}},"2":{"start":{"line":6,"column":0},"end":{"line":6,"column":null}},"3":{"start":{"line":8,"column":10},"end":{"line":8,"column":35}},"4":{"start":{"line":10,"column":37},"end":{"line":10,"column":90}},"5":{"start":{"line":10,"column":90},"end":{"line":10,"column":null}},"6":{"start":{"line":12,"column":13},"end":{"line":23,"column":1}},"7":{"start":{"line":12,"column":36},"end":{"line":23,"column":1}},"8":{"start":{"line":13,"column":2},"end":{"line":13,"column":null}},"9":{"start":{"line":15,"column":14},"end":{"line":15,"column":30}},"10":{"start":{"line":16,"column":2},"end":{"line":18,"column":null}},"11":{"start":{"line":17,"column":4},"end":{"line":17,"column":null}},"12":{"start":{"line":20,"column":32},"end":{"line":20,"column":70}},"13":{"start":{"line":22,"column":2},"end":{"line":22,"column":null}},"14":{"start":{"line":23,"column":1},"end":{"line":23,"column":null}}},"fnMap":{"0":{"name":"(anonymous_0)","decl":{"start":{"line":12,"column":13},"end":{"line":12,"column":14}},"loc":{"start":{"line":12,"column":36},"end":{"line":23,"column":1}}},"1":{"name":"(anonymous_1)","decl":{"start":{"line":12,"column":36},"end":{"line":12,"column":42}},"loc":{"start":{"line":12,"column":55},"end":{"line":23,"column":1}}}},"branchMap":{"0":{"loc":{"start":{"line":16,"column":2},"end":{"line":18,"column":null}},"type":"if","locations":[{"start":{"line":16,"column":2},"end":{"line":18,"column":null}}]}},"s":{"0":1,"1":1,"2":1,"3":1,"4":1,"5":3,"6":1,"7":2,"8":2,"9":2,"10":2,"11":1,"12":1,"13":1,"14":1},"f":{"0":2,"1":2},"b":{"0":[1]}}
,"/Users/zane/.liq/playground/liquid-labs/liq-projects/src/handlers/projects/detail.mjs": {"path":"/Users/zane/.liq/playground/liquid-labs/liq-projects/src/handlers/projects/detail.mjs","statementMap":{"0":{"start":{"line":2,"column":0},"end":{"line":2,"column":null}},"1":{"start":{"line":4,"column":10},"end":{"line":4,"column":51}},"2":{"start":{"line":6,"column":37},"end":{"line":6,"column":88}},"3":{"start":{"line":6,"column":88},"end":{"line":6,"column":null}},"4":{"start":{"line":8,"column":13},"end":{"line":14,"column":1}},"5":{"start":{"line":8,"column":36},"end":{"line":14,"column":1}},"6":{"start":{"line":9,"column":2},"end":{"line":9,"column":null}},"7":{"start":{"line":11,"column":26},"end":{"line":11,"column":34}},"8":{"start":{"line":13,"column":2},"end":{"line":13,"column":null}},"9":{"start":{"line":14,"column":1},"end":{"line":14,"column":null}}},"fnMap":{"0":{"name":"(anonymous_0)","decl":{"start":{"line":8,"column":13},"end":{"line":8,"column":14}},"loc":{"start":{"line":8,"column":36},"end":{"line":14,"column":1}}},"1":{"name":"(anonymous_1)","decl":{"start":{"line":8,"column":36},"end":{"line":8,"column":42}},"loc":{"start":{"line":8,"column":55},"end":{"line":14,"column":1}}}},"branchMap":{},"s":{"0":0,"1":0,"2":0,"3":0,"4":0,"5":0,"6":0,"7":0,"8":0,"9":0},"f":{"0":0,"1":0},"b":{}}
,"/Users/zane/.liq/playground/liquid-labs/liq-projects/src/handlers/projects/document-implied.mjs": {"path":"/Users/zane/.liq/playground/liquid-labs/liq-projects/src/handlers/projects/document-implied.mjs","statementMap":{"0":{"start":{"line":1,"column":0},"end":{"line":1,"column":null}},"1":{"start":{"line":3,"column":0},"end":{"line":3,"column":null}},"2":{"start":{"line":5,"column":0},"end":{"line":5,"column":null}},"3":{"start":{"line":7,"column":10},"end":{"line":7,"column":37}},"4":{"start":{"line":9,"column":37},"end":{"line":9,"column":92}},"5":{"start":{"line":9,"column":92},"end":{"line":9,"column":null}},"6":{"start":{"line":11,"column":13},"end":{"line":22,"column":1}},"7":{"start":{"line":11,"column":36},"end":{"line":22,"column":1}},"8":{"start":{"line":12,"column":2},"end":{"line":12,"column":null}},"9":{"start":{"line":14,"column":14},"end":{"line":14,"column":30}},"10":{"start":{"line":15,"column":2},"end":{"line":17,"column":null}},"11":{"start":{"line":16,"column":4},"end":{"line":16,"column":null}},"12":{"start":{"line":19,"column":32},"end":{"line":19,"column":70}},"13":{"start":{"line":21,"column":2},"end":{"line":21,"column":null}},"14":{"start":{"line":22,"column":1},"end":{"line":22,"column":null}}},"fnMap":{"0":{"name":"(anonymous_0)","decl":{"start":{"line":11,"column":13},"end":{"line":11,"column":14}},"loc":{"start":{"line":11,"column":36},"end":{"line":22,"column":1}}},"1":{"name":"(anonymous_1)","decl":{"start":{"line":11,"column":36},"end":{"line":11,"column":42}},"loc":{"start":{"line":11,"column":55},"end":{"line":22,"column":1}}}},"branchMap":{"0":{"loc":{"start":{"line":15,"column":2},"end":{"line":17,"column":null}},"type":"if","locations":[{"start":{"line":15,"column":2},"end":{"line":17,"column":null}}]}},"s":{"0":1,"1":1,"2":1,"3":1,"4":1,"5":3,"6":1,"7":2,"8":2,"9":2,"10":2,"11":1,"12":1,"13":1,"14":1},"f":{"0":2,"1":2},"b":{"0":[1]}}
,"/Users/zane/.liq/playground/liquid-labs/liq-projects/src/handlers/projects/document.js": {"path":"/Users/zane/.liq/playground/liquid-labs/liq-projects/src/handlers/projects/document.js","statementMap":{"0":{"start":{"line":1,"column":0},"end":{"line":1,"column":null}},"1":{"start":{"line":3,"column":10},"end":{"line":3,"column":53}},"2":{"start":{"line":5,"column":37},"end":{"line":5,"column":90}},"3":{"start":{"line":5,"column":90},"end":{"line":5,"column":null}},"4":{"start":{"line":7,"column":13},"end":{"line":13,"column":1}},"5":{"start":{"line":7,"column":36},"end":{"line":13,"column":1}},"6":{"start":{"line":8,"column":2},"end":{"line":8,"column":null}},"7":{"start":{"line":10,"column":26},"end":{"line":10,"column":34}},"8":{"start":{"line":12,"column":2},"end":{"line":12,"column":null}},"9":{"start":{"line":13,"column":1},"end":{"line":13,"column":null}}},"fnMap":{"0":{"name":"(anonymous_0)","decl":{"start":{"line":7,"column":13},"end":{"line":7,"column":14}},"loc":{"start":{"line":7,"column":36},"end":{"line":13,"column":1}}},"1":{"name":"(anonymous_1)","decl":{"start":{"line":7,"column":36},"end":{"line":7,"column":42}},"loc":{"start":{"line":7,"column":55},"end":{"line":13,"column":1}}}},"branchMap":{},"s":{"0":0,"1":0,"2":0,"3":0,"4":0,"5":0,"6":0,"7":0,"8":0,"9":0},"f":{"0":0,"1":0},"b":{}}
,"/Users/zane/.liq/playground/liquid-labs/liq-projects/src/handlers/projects/rename-implied.mjs": {"path":"/Users/zane/.liq/playground/liquid-labs/liq-projects/src/handlers/projects/rename-implied.mjs","statementMap":{"0":{"start":{"line":1,"column":0},"end":{"line":1,"column":null}},"1":{"start":{"line":3,"column":0},"end":{"line":3,"column":null}},"2":{"start":{"line":5,"column":0},"end":{"line":5,"column":null}},"3":{"start":{"line":7,"column":10},"end":{"line":7,"column":35}},"4":{"start":{"line":9,"column":37},"end":{"line":9,"column":90}},"5":{"start":{"line":9,"column":90},"end":{"line":9,"column":null}},"6":{"start":{"line":11,"column":13},"end":{"line":22,"column":1}},"7":{"start":{"line":11,"column":36},"end":{"line":22,"column":1}},"8":{"start":{"line":12,"column":2},"end":{"line":12,"column":null}},"9":{"start":{"line":14,"column":14},"end":{"line":14,"column":30}},"10":{"start":{"line":15,"column":2},"end":{"line":17,"column":null}},"11":{"start":{"line":16,"column":4},"end":{"line":16,"column":null}},"12":{"start":{"line":19,"column":32},"end":{"line":19,"column":70}},"13":{"start":{"line":21,"column":2},"end":{"line":21,"column":null}},"14":{"start":{"line":22,"column":1},"end":{"line":22,"column":null}}},"fnMap":{"0":{"name":"(anonymous_0)","decl":{"start":{"line":11,"column":13},"end":{"line":11,"column":14}},"loc":{"start":{"line":11,"column":36},"end":{"line":22,"column":1}}},"1":{"name":"(anonymous_1)","decl":{"start":{"line":11,"column":36},"end":{"line":11,"column":42}},"loc":{"start":{"line":11,"column":55},"end":{"line":22,"column":1}}}},"branchMap":{"0":{"loc":{"start":{"line":15,"column":2},"end":{"line":17,"column":null}},"type":"if","locations":[{"start":{"line":15,"column":2},"end":{"line":17,"column":null}}]}},"s":{"0":1,"1":1,"2":1,"3":1,"4":1,"5":3,"6":1,"7":2,"8":2,"9":2,"10":2,"11":1,"12":1,"13":1,"14":1},"f":{"0":2,"1":2},"b":{"0":[1]}}
,"/Users/zane/.liq/playground/liquid-labs/liq-projects/src/handlers/projects/rename.mjs": {"path":"/Users/zane/.liq/playground/liquid-labs/liq-projects/src/handlers/projects/rename.mjs","statementMap":{"0":{"start":{"line":1,"column":0},"end":{"line":1,"column":null}},"1":{"start":{"line":3,"column":10},"end":{"line":3,"column":51}},"2":{"start":{"line":5,"column":37},"end":{"line":5,"column":88}},"3":{"start":{"line":5,"column":88},"end":{"line":5,"column":null}},"4":{"start":{"line":7,"column":13},"end":{"line":13,"column":1}},"5":{"start":{"line":7,"column":36},"end":{"line":13,"column":1}},"6":{"start":{"line":8,"column":2},"end":{"line":8,"column":null}},"7":{"start":{"line":10,"column":26},"end":{"line":10,"column":34}},"8":{"start":{"line":12,"column":2},"end":{"line":12,"column":null}},"9":{"start":{"line":13,"column":1},"end":{"line":13,"column":null}}},"fnMap":{"0":{"name":"(anonymous_0)","decl":{"start":{"line":7,"column":13},"end":{"line":7,"column":14}},"loc":{"start":{"line":7,"column":36},"end":{"line":13,"column":1}}},"1":{"name":"(anonymous_1)","decl":{"start":{"line":7,"column":36},"end":{"line":7,"column":42}},"loc":{"start":{"line":7,"column":55},"end":{"line":13,"column":1}}}},"branchMap":{},"s":{"0":0,"1":0,"2":0,"3":0,"4":0,"5":0,"6":0,"7":0,"8":0,"9":0},"f":{"0":0,"1":0},"b":{}}
,"/Users/zane/.liq/playground/liquid-labs/liq-projects/src/handlers/projects/setup-implied.mjs": {"path":"/Users/zane/.liq/playground/liquid-labs/liq-projects/src/handlers/projects/setup-implied.mjs","statementMap":{"0":{"start":{"line":1,"column":0},"end":{"line":1,"column":null}},"1":{"start":{"line":3,"column":0},"end":{"line":3,"column":null}},"2":{"start":{"line":5,"column":0},"end":{"line":5,"column":null}},"3":{"start":{"line":7,"column":10},"end":{"line":7,"column":34}},"4":{"start":{"line":9,"column":37},"end":{"line":9,"column":89}},"5":{"start":{"line":9,"column":89},"end":{"line":9,"column":null}},"6":{"start":{"line":11,"column":13},"end":{"line":22,"column":1}},"7":{"start":{"line":11,"column":36},"end":{"line":22,"column":1}},"8":{"start":{"line":12,"column":2},"end":{"line":12,"column":null}},"9":{"start":{"line":14,"column":14},"end":{"line":14,"column":30}},"10":{"start":{"line":15,"column":2},"end":{"line":17,"column":null}},"11":{"start":{"line":16,"column":4},"end":{"line":16,"column":null}},"12":{"start":{"line":19,"column":32},"end":{"line":19,"column":70}},"13":{"start":{"line":21,"column":2},"end":{"line":21,"column":null}},"14":{"start":{"line":22,"column":1},"end":{"line":22,"column":null}}},"fnMap":{"0":{"name":"(anonymous_0)","decl":{"start":{"line":11,"column":13},"end":{"line":11,"column":14}},"loc":{"start":{"line":11,"column":36},"end":{"line":22,"column":1}}},"1":{"name":"(anonymous_1)","decl":{"start":{"line":11,"column":36},"end":{"line":11,"column":42}},"loc":{"start":{"line":11,"column":55},"end":{"line":22,"column":1}}}},"branchMap":{"0":{"loc":{"start":{"line":15,"column":2},"end":{"line":17,"column":null}},"type":"if","locations":[{"start":{"line":15,"column":2},"end":{"line":17,"column":null}}]}},"s":{"0":1,"1":1,"2":1,"3":1,"4":1,"5":3,"6":1,"7":2,"8":2,"9":2,"10":2,"11":1,"12":1,"13":1,"14":1},"f":{"0":2,"1":2},"b":{"0":[1]}}
,"/Users/zane/.liq/playground/liquid-labs/liq-projects/src/handlers/projects/setup.mjs": {"path":"/Users/zane/.liq/playground/liquid-labs/liq-projects/src/handlers/projects/setup.mjs","statementMap":{"0":{"start":{"line":1,"column":0},"end":{"line":1,"column":null}},"1":{"start":{"line":3,"column":10},"end":{"line":3,"column":50}},"2":{"start":{"line":5,"column":37},"end":{"line":5,"column":87}},"3":{"start":{"line":5,"column":87},"end":{"line":5,"column":null}},"4":{"start":{"line":7,"column":13},"end":{"line":13,"column":1}},"5":{"start":{"line":7,"column":36},"end":{"line":13,"column":1}},"6":{"start":{"line":8,"column":2},"end":{"line":8,"column":null}},"7":{"start":{"line":10,"column":26},"end":{"line":10,"column":34}},"8":{"start":{"line":12,"column":2},"end":{"line":12,"column":null}},"9":{"start":{"line":13,"column":1},"end":{"line":13,"column":null}}},"fnMap":{"0":{"name":"(anonymous_0)","decl":{"start":{"line":7,"column":13},"end":{"line":7,"column":14}},"loc":{"start":{"line":7,"column":36},"end":{"line":13,"column":1}}},"1":{"name":"(anonymous_1)","decl":{"start":{"line":7,"column":36},"end":{"line":7,"column":42}},"loc":{"start":{"line":7,"column":55},"end":{"line":13,"column":1}}}},"branchMap":{},"s":{"0":0,"1":0,"2":0,"3":0,"4":0,"5":0,"6":0,"7":0,"8":0,"9":0},"f":{"0":0,"1":0},"b":{}}
,"/Users/zane/.liq/playground/liquid-labs/liq-projects/src/handlers/projects/update-implied.mjs": {"path":"/Users/zane/.liq/playground/liquid-labs/liq-projects/src/handlers/projects/update-implied.mjs","statementMap":{"0":{"start":{"line":1,"column":0},"end":{"line":1,"column":null}},"1":{"start":{"line":3,"column":0},"end":{"line":3,"column":null}},"2":{"start":{"line":5,"column":0},"end":{"line":5,"column":null}},"3":{"start":{"line":7,"column":10},"end":{"line":7,"column":35}},"4":{"start":{"line":9,"column":37},"end":{"line":9,"column":90}},"5":{"start":{"line":9,"column":90},"end":{"line":9,"column":null}},"6":{"start":{"line":11,"column":13},"end":{"line":22,"column":1}},"7":{"start":{"line":11,"column":36},"end":{"line":22,"column":1}},"8":{"start":{"line":12,"column":2},"end":{"line":12,"column":null}},"9":{"start":{"line":14,"column":14},"end":{"line":14,"column":30}},"10":{"start":{"line":15,"column":2},"end":{"line":17,"column":null}},"11":{"start":{"line":16,"column":4},"end":{"line":16,"column":null}},"12":{"start":{"line":19,"column":32},"end":{"line":19,"column":70}},"13":{"start":{"line":21,"column":2},"end":{"line":21,"column":null}},"14":{"start":{"line":22,"column":1},"end":{"line":22,"column":null}}},"fnMap":{"0":{"name":"(anonymous_0)","decl":{"start":{"line":11,"column":13},"end":{"line":11,"column":14}},"loc":{"start":{"line":11,"column":36},"end":{"line":22,"column":1}}},"1":{"name":"(anonymous_1)","decl":{"start":{"line":11,"column":36},"end":{"line":11,"column":42}},"loc":{"start":{"line":11,"column":55},"end":{"line":22,"column":1}}}},"branchMap":{"0":{"loc":{"start":{"line":15,"column":2},"end":{"line":17,"column":null}},"type":"if","locations":[{"start":{"line":15,"column":2},"end":{"line":17,"column":null}}]}},"s":{"0":1,"1":1,"2":1,"3":1,"4":1,"5":3,"6":1,"7":2,"8":2,"9":2,"10":2,"11":1,"12":1,"13":1,"14":1},"f":{"0":2,"1":2},"b":{"0":[1]}}
,"/Users/zane/.liq/playground/liquid-labs/liq-projects/src/handlers/projects/update.mjs": {"path":"/Users/zane/.liq/playground/liquid-labs/liq-projects/src/handlers/projects/update.mjs","statementMap":{"0":{"start":{"line":1,"column":0},"end":{"line":1,"column":null}},"1":{"start":{"line":3,"column":10},"end":{"line":3,"column":51}},"2":{"start":{"line":5,"column":37},"end":{"line":5,"column":88}},"3":{"start":{"line":5,"column":88},"end":{"line":5,"column":null}},"4":{"start":{"line":7,"column":13},"end":{"line":13,"column":1}},"5":{"start":{"line":7,"column":36},"end":{"line":13,"column":1}},"6":{"start":{"line":8,"column":2},"end":{"line":8,"column":null}},"7":{"start":{"line":10,"column":26},"end":{"line":10,"column":34}},"8":{"start":{"line":12,"column":2},"end":{"line":12,"column":null}},"9":{"start":{"line":13,"column":1},"end":{"line":13,"column":null}}},"fnMap":{"0":{"name":"(anonymous_0)","decl":{"start":{"line":7,"column":13},"end":{"line":7,"column":14}},"loc":{"start":{"line":7,"column":36},"end":{"line":13,"column":1}}},"1":{"name":"(anonymous_1)","decl":{"start":{"line":7,"column":36},"end":{"line":7,"column":42}},"loc":{"start":{"line":7,"column":55},"end":{"line":13,"column":1}}}},"branchMap":{},"s":{"0":0,"1":0,"2":0,"3":0,"4":0,"5":0,"6":0,"7":0,"8":0,"9":0},"f":{"0":0,"1":0},"b":{}}
,"/Users/zane/.liq/playground/liquid-labs/liq-projects/src/handlers/projects/_lib/archive-lib.mjs": {"path":"/Users/zane/.liq/playground/liquid-labs/liq-projects/src/handlers/projects/_lib/archive-lib.mjs","statementMap":{"0":{"start":{"line":1,"column":0},"end":{"line":1,"column":null}},"1":{"start":{"line":3,"column":0},"end":{"line":3,"column":null}},"2":{"start":{"line":5,"column":0},"end":{"line":5,"column":null}},"3":{"start":{"line":6,"column":0},"end":{"line":6,"column":null}},"4":{"start":{"line":7,"column":0},"end":{"line":7,"column":null}},"5":{"start":{"line":8,"column":0},"end":{"line":8,"column":null}},"6":{"start":{"line":10,"column":0},"end":{"line":10,"column":null}},"7":{"start":{"line":11,"column":0},"end":{"line":11,"column":51}},"8":{"start":{"line":11,"column":51},"end":{"line":11,"column":null}},"9":{"start":{"line":17,"column":18},"end":{"line":63,"column":1}},"10":{"start":{"line":18,"column":2},"end":{"line":18,"column":31}},"11":{"start":{"line":20,"column":32},"end":{"line":20,"column":40}},"12":{"start":{"line":22,"column":18},"end":{"line":22,"column":60}},"13":{"start":{"line":24,"column":25},"end":{"line":24,"column":32}},"14":{"start":{"line":26,"column":22},"end":{"line":26,"column":65}},"15":{"start":{"line":28,"column":2},"end":{"line":28,"column":null}},"16":{"start":{"line":29,"column":2},"end":{"line":29,"column":null}},"17":{"start":{"line":32,"column":17},"end":{"line":32,"column":38}},"18":{"start":{"line":33,"column":20},"end":{"line":33,"column":55}},"19":{"start":{"line":35,"column":20},"end":{"line":35,"column":48}},"20":{"start":{"line":36,"column":2},"end":{"line":43,"column":null}},"21":{"start":{"line":37,"column":4},"end":{"line":37,"column":null}},"22":{"start":{"line":38,"column":4},"end":{"line":38,"column":null}},"23":{"start":{"line":39,"column":4},"end":{"line":39,"column":null}},"24":{"start":{"line":42,"column":4},"end":{"line":42,"column":null}},"25":{"start":{"line":45,"column":2},"end":{"line":57,"column":null}},"26":{"start":{"line":46,"column":4},"end":{"line":53,"column":null}},"27":{"start":{"line":47,"column":6},"end":{"line":47,"column":null}},"28":{"start":{"line":48,"column":6},"end":{"line":48,"column":null}},"29":{"start":{"line":49,"column":6},"end":{"line":49,"column":null}},"30":{"start":{"line":52,"column":6},"end":{"line":52,"column":null}},"31":{"start":{"line":56,"column":4},"end":{"line":56,"column":null}},"32":{"start":{"line":59,"column":12},"end":{"line":59,"column":112}},"33":{"start":{"line":60,"column":2},"end":{"line":60,"column":null}},"34":{"start":{"line":60,"column":26},"end":{"line":60,"column":null}},"35":{"start":{"line":62,"column":2},"end":{"line":62,"column":null}},"36":{"start":{"line":65,"column":0},"end":{"line":65,"column":null}},"37":{"start":{"line":68,"column":37},"end":{"line":88,"column":1}},"38":{"start":{"line":69,"column":21},"end":{"line":75,"column":null}},"39":{"start":{"line":77,"column":2},"end":{"line":77,"column":null}},"40":{"start":{"line":79,"column":2},"end":{"line":87,"column":null}},"41":{"start":{"line":88,"column":1},"end":{"line":88,"column":null}}},"fnMap":{"0":{"name":"_getRequireWildcardCache","decl":{"start":{"line":11,"column":51},"end":{"line":11,"column":null}},"loc":{"start":{"line":11,"column":51},"end":{"line":11,"column":null}}},"1":{"name":"(anonymous_3)","decl":{"start":{"line":17,"column":18},"end":{"line":17,"column":24}},"loc":{"start":{"line":17,"column":69},"end":{"line":63,"column":1}}},"2":{"name":"(anonymous_4)","decl":{"start":{"line":68,"column":37},"end":{"line":68,"column":38}},"loc":{"start":{"line":68,"column":55},"end":{"line":88,"column":1}}}},"branchMap":{"0":{"loc":{"start":{"line":11,"column":51},"end":{"line":11,"column":null}},"type":"if","locations":[{"start":{"line":11,"column":51},"end":{"line":11,"column":null}}]},"1":{"loc":{"start":{"line":11,"column":51},"end":{"line":11,"column":null}},"type":"cond-expr","locations":[{"start":{"line":11,"column":51},"end":{"line":11,"column":null}},{"start":{"line":11,"column":51},"end":{"line":11,"column":null}}]},"2":{"loc":{"start":{"line":11,"column":51},"end":{"line":11,"column":null}},"type":"binary-expr","locations":[{"start":{"line":11,"column":51},"end":{"line":11,"column":null}},{"start":{"line":11,"column":51},"end":{"line":11,"column":null}},{"start":{"line":11,"column":51},"end":{"line":11,"column":null}}]},"3":{"loc":{"start":{"line":20,"column":10},"end":{"line":20,"column":28}},"type":"default-arg","locations":[{"start":{"line":20,"column":22},"end":{"line":20,"column":28}}]},"4":{"loc":{"start":{"line":26,"column":22},"end":{"line":26,"column":65}},"type":"binary-expr","locations":[{"start":{"line":26,"column":22},"end":{"line":26,"column":42}},{"start":{"line":26,"column":46},"end":{"line":26,"column":65}}]},"5":{"loc":{"start":{"line":45,"column":2},"end":{"line":57,"column":null}},"type":"if","locations":[{"start":{"line":45,"column":2},"end":{"line":57,"column":null}},{"start":{"line":55,"column":7},"end":{"line":57,"column":null}}]},"6":{"loc":{"start":{"line":60,"column":2},"end":{"line":60,"column":null}},"type":"if","locations":[{"start":{"line":60,"column":2},"end":{"line":60,"column":null}}]}},"s":{"0":2,"1":2,"2":2,"3":2,"4":2,"5":2,"6":2,"7":2,"8":212,"9":2,"10":1,"11":1,"12":1,"13":1,"14":1,"15":1,"16":1,"17":1,"18":1,"19":1,"20":1,"21":1,"22":1,"23":1,"24":0,"25":1,"26":1,"27":1,"28":1,"29":1,"30":0,"31":0,"32":1,"33":1,"34":1,"35":1,"36":2,"37":2,"38":1,"39":1,"40":1,"41":2},"f":{"0":6,"1":1,"2":1},"b":{"0":[62],"1":[130,132],"2":[66,66,64],"3":[1],"4":[1,1],"5":[1,0],"6":[1]}}
,"/Users/zane/.liq/playground/liquid-labs/liq-projects/src/handlers/projects/_lib/common-constants.mjs": {"path":"/Users/zane/.liq/playground/liquid-labs/liq-projects/src/handlers/projects/_lib/common-constants.mjs","statementMap":{"0":{"start":{"line":1,"column":21},"end":{"line":1,"column":36}},"1":{"start":{"line":2,"column":21},"end":{"line":2,"column":39}}},"fnMap":{},"branchMap":{},"s":{"0":1,"1":1},"f":{},"b":{}}
,"/Users/zane/.liq/playground/liquid-labs/liq-projects/src/handlers/projects/_lib/common-project-path-parameters.mjs": {"path":"/Users/zane/.liq/playground/liquid-labs/liq-projects/src/handlers/projects/_lib/common-project-path-parameters.mjs","statementMap":{"0":{"start":{"line":1,"column":33},"end":{"line":5,"column":null}}},"fnMap":{},"branchMap":{},"s":{"0":4},"f":{},"b":{}}
,"/Users/zane/.liq/playground/liquid-labs/liq-projects/src/handlers/projects/_lib/common-project-setup-parameters.mjs": {"path":"/Users/zane/.liq/playground/liquid-labs/liq-projects/src/handlers/projects/_lib/common-project-setup-parameters.mjs","statementMap":{"0":{"start":{"line":1,"column":34},"end":{"line":21,"column":null}}},"fnMap":{},"branchMap":{},"s":{"0":2},"f":{},"b":{}}
,"/Users/zane/.liq/playground/liquid-labs/liq-projects/src/handlers/projects/_lib/create-lib.mjs": {"path":"/Users/zane/.liq/playground/liquid-labs/liq-projects/src/handlers/projects/_lib/create-lib.mjs","statementMap":{"0":{"start":{"line":1,"column":0},"end":{"line":1,"column":null}},"1":{"start":{"line":2,"column":0},"end":{"line":2,"column":null}},"2":{"start":{"line":4,"column":0},"end":{"line":4,"column":null}},"3":{"start":{"line":5,"column":0},"end":{"line":5,"column":null}},"4":{"start":{"line":7,"column":0},"end":{"line":7,"column":null}},"5":{"start":{"line":8,"column":0},"end":{"line":8,"column":null}},"6":{"start":{"line":14,"column":0},"end":{"line":14,"column":null}},"7":{"start":{"line":15,"column":0},"end":{"line":15,"column":null}},"8":{"start":{"line":17,"column":0},"end":{"line":17,"column":null}},"9":{"start":{"line":18,"column":0},"end":{"line":18,"column":69}},"10":{"start":{"line":18,"column":69},"end":{"line":18,"column":null}},"11":{"start":{"line":20,"column":17},"end":{"line":216,"column":1}},"12":{"start":{"line":31,"column":6},"end":{"line":31,"column":14}},"13":{"start":{"line":33,"column":22},"end":{"line":33,"column":42}},"14":{"start":{"line":34,"column":36},"end":{"line":34,"column":96}},"15":{"start":{"line":35,"column":2},"end":{"line":38,"column":null}},"16":{"start":{"line":36,"column":4},"end":{"line":36,"column":27}},"17":{"start":{"line":40,"column":2},"end":{"line":42,"column":null}},"18":{"start":{"line":41,"column":4},"end":{"line":41,"column":null}},"19":{"start":{"line":44,"column":2},"end":{"line":44,"column":null}},"20":{"start":{"line":45,"column":2},"end":{"line":45,"column":37}},"21":{"start":{"line":46,"column":2},"end":{"line":46,"column":null}},"22":{"start":{"line":47,"column":2},"end":{"line":47,"column":43}},"23":{"start":{"line":50,"column":23},"end":{"line":50,"column":25}},"24":{"start":{"line":51,"column":18},"end":{"line":80,"column":3}},"25":{"start":{"line":52,"column":4},"end":{"line":55,"column":null}},"26":{"start":{"line":53,"column":6},"end":{"line":53,"column":null}},"27":{"start":{"line":54,"column":6},"end":{"line":54,"column":null}},"28":{"start":{"line":57,"column":22},"end":{"line":57,"column":24}},"29":{"start":{"line":58,"column":21},"end":{"line":58,"column":23}},"30":{"start":{"line":59,"column":18},"end":{"line":59,"column":22}},"31":{"start":{"line":60,"column":4},"end":{"line":70,"column":null}},"32":{"start":{"line":61,"column":6},"end":{"line":69,"column":null}},"33":{"start":{"line":62,"column":8},"end":{"line":62,"column":null}},"34":{"start":{"line":63,"column":8},"end":{"line":64,"column":null}},"35":{"start":{"line":63,"column":22},"end":{"line":63,"column":null}},"36":{"start":{"line":64,"column":13},"end":{"line":64,"column":null}},"37":{"start":{"line":67,"column":8},"end":{"line":67,"column":null}},"38":{"start":{"line":68,"column":8},"end":{"line":68,"column":null}},"39":{"start":{"line":72,"column":4},"end":{"line":77,"column":null}},"40":{"start":{"line":79,"column":4},"end":{"line":79,"column":null}},"41":{"start":{"line":82,"column":21},"end":{"line":82,"column":114}},"42":{"start":{"line":83,"column":24},"end":{"line":83,"column":54}},"43":{"start":{"line":85,"column":2},"end":{"line":204,"column":null}},"44":{"start":{"line":87,"column":4},"end":{"line":87,"column":null}},"45":{"start":{"line":89,"column":4},"end":{"line":89,"column":null}},"46":{"start":{"line":91,"column":4},"end":{"line":97,"column":null}},"47":{"start":{"line":93,"column":8},"end":{"line":93,"column":null}},"48":{"start":{"line":94,"column":8},"end":{"line":94,"column":null}},"49":{"start":{"line":99,"column":4},"end":{"line":99,"column":null}},"50":{"start":{"line":100,"column":23},"end":{"line":100,"column":104}},"51":{"start":{"line":101,"column":4},"end":{"line":108,"column":null}},"52":{"start":{"line":102,"column":6},"end":{"line":106,"column":null}},"53":{"start":{"line":107,"column":6},"end":{"line":107,"column":null}},"54":{"start":{"line":110,"column":4},"end":{"line":110,"column":null}},"55":{"start":{"line":111,"column":24},"end":{"line":111,"column":52}},"56":{"start":{"line":112,"column":24},"end":{"line":112,"column":46}},"57":{"start":{"line":114,"column":25},"end":{"line":114,"column":54}},"58":{"start":{"line":115,"column":21},"end":{"line":115,"column":55}},"59":{"start":{"line":116,"column":21},"end":{"line":116,"column":52}},"60":{"start":{"line":117,"column":22},"end":{"line":117,"column":53}},"61":{"start":{"line":118,"column":23},"end":{"line":118,"column":49}},"62":{"start":{"line":120,"column":4},"end":{"line":120,"column":null}},"63":{"start":{"line":121,"column":4},"end":{"line":121,"column":null}},"64":{"start":{"line":122,"column":4},"end":{"line":122,"column":null}},"65":{"start":{"line":123,"column":4},"end":{"line":123,"column":null}},"66":{"start":{"line":124,"column":4},"end":{"line":124,"column":null}},"67":{"start":{"line":125,"column":4},"end":{"line":125,"column":null}},"68":{"start":{"line":126,"column":4},"end":{"line":126,"column":null}},"69":{"start":{"line":127,"column":4},"end":{"line":129,"column":null}},"70":{"start":{"line":128,"column":6},"end":{"line":128,"column":null}},"71":{"start":{"line":131,"column":4},"end":{"line":131,"column":null}},"72":{"start":{"line":133,"column":4},"end":{"line":133,"column":null}},"73":{"start":{"line":134,"column":29},"end":{"line":134,"column":127}},"74":{"start":{"line":135,"column":4},"end":{"line":142,"column":null}},"75":{"start":{"line":136,"column":6},"end":{"line":140,"column":null}},"76":{"start":{"line":141,"column":6},"end":{"line":141,"column":null}},"77":{"start":{"line":143,"column":4},"end":{"line":143,"column":null}},"78":{"start":{"line":145,"column":4},"end":{"line":145,"column":null}},"79":{"start":{"line":146,"column":25},"end":{"line":148,"column":47}},"80":{"start":{"line":149,"column":28},"end":{"line":149,"column":107}},"81":{"start":{"line":150,"column":4},"end":{"line":157,"column":null}},"82":{"start":{"line":151,"column":6},"end":{"line":155,"column":null}},"83":{"start":{"line":156,"column":6},"end":{"line":156,"column":null}},"84":{"start":{"line":158,"column":4},"end":{"line":158,"column":null}},"85":{"start":{"line":160,"column":4},"end":{"line":166,"column":null}},"86":{"start":{"line":162,"column":26},"end":{"line":162,"column":70}},"87":{"start":{"line":163,"column":8},"end":{"line":163,"column":null}},"88":{"start":{"line":168,"column":4},"end":{"line":168,"column":null}},"89":{"start":{"line":169,"column":16},"end":{"line":169,"column":17}},"90":{"start":{"line":170,"column":21},"end":{"line":170,"column":79}},"91":{"start":{"line":171,"column":21},"end":{"line":171,"column":40}},"92":{"start":{"line":172,"column":4},"end":{"line":177,"column":null}},"93":{"start":{"line":173,"column":6},"end":{"line":173,"column":null}},"94":{"start":{"line":174,"column":6},"end":{"line":174,"column":null}},"95":{"start":{"line":174,"column":35},"end":{"line":174,"column":60}},"96":{"start":{"line":175,"column":6},"end":{"line":175,"column":null}},"97":{"start":{"line":176,"column":6},"end":{"line":176,"column":null}},"98":{"start":{"line":178,"column":4},"end":{"line":181,"column":null}},"99":{"start":{"line":179,"column":6},"end":{"line":179,"column":null}},"100":{"start":{"line":180,"column":6},"end":{"line":180,"column":null}},"101":{"start":{"line":183,"column":4},"end":{"line":187,"column":null}},"102":{"start":{"line":184,"column":25},"end":{"line":184,"column":71}},"103":{"start":{"line":185,"column":6},"end":{"line":186,"column":null}},"104":{"start":{"line":185,"column":33},"end":{"line":185,"column":null}},"105":{"start":{"line":186,"column":11},"end":{"line":186,"column":null}},"106":{"start":{"line":189,"column":4},"end":{"line":189,"column":null}},"107":{"start":{"line":189,"column":29},"end":{"line":189,"column":null}},"108":{"start":{"line":190,"column":4},"end":{"line":198,"column":null}},"109":{"start":{"line":191,"column":6},"end":{"line":197,"column":null}},"110":{"start":{"line":201,"column":4},"end":{"line":201,"column":null}},"111":{"start":{"line":202,"column":4},"end":{"line":202,"column":null}},"112":{"start":{"line":203,"column":4},"end":{"line":203,"column":null}},"113":{"start":{"line":206,"column":24},"end":{"line":206,"column":42}},"114":{"start":{"line":207,"column":2},"end":{"line":209,"column":null}},"115":{"start":{"line":208,"column":4},"end":{"line":208,"column":null}},"116":{"start":{"line":210,"column":2},"end":{"line":210,"column":null}},"117":{"start":{"line":211,"column":20},"end":{"line":211,"column":49}},"118":{"start":{"line":212,"column":2},"end":{"line":212,"column":null}},"119":{"start":{"line":213,"column":2},"end":{"line":213,"column":null}},"120":{"start":{"line":215,"column":2},"end":{"line":215,"column":null}},"121":{"start":{"line":216,"column":1},"end":{"line":216,"column":null}},"122":{"start":{"line":218,"column":36},"end":{"line":274,"column":1}},"123":{"start":{"line":219,"column":21},"end":{"line":260,"column":null}},"124":{"start":{"line":262,"column":2},"end":{"line":262,"column":null}},"125":{"start":{"line":262,"column":28},"end":{"line":262,"column":56}},"126":{"start":{"line":263,"column":2},"end":{"line":263,"column":null}},"127":{"start":{"line":265,"column":2},"end":{"line":273,"column":null}},"128":{"start":{"line":274,"column":1},"end":{"line":274,"column":null}}},"fnMap":{"0":{"name":"_getRequireWildcardCache","decl":{"start":{"line":18,"column":69},"end":{"line":18,"column":null}},"loc":{"start":{"line":18,"column":69},"end":{"line":18,"column":null}}},"1":{"name":"(anonymous_3)","decl":{"start":{"line":20,"column":17},"end":{"line":20,"column":23}},"loc":{"start":{"line":20,"column":55},"end":{"line":216,"column":1}}},"2":{"name":"(anonymous_4)","decl":{"start":{"line":51,"column":18},"end":{"line":51,"column":24}},"loc":{"start":{"line":51,"column":49},"end":{"line":80,"column":3}}},"3":{"name":"(anonymous_5)","decl":{"start":{"line":92,"column":6},"end":{"line":92,"column":17}},"loc":{"start":{"line":92,"column":17},"end":{"line":95,"column":7}}},"4":{"name":"(anonymous_6)","decl":{"start":{"line":161,"column":6},"end":{"line":161,"column":17}},"loc":{"start":{"line":161,"column":17},"end":{"line":164,"column":7}}},"5":{"name":"(anonymous_7)","decl":{"start":{"line":174,"column":24},"end":{"line":174,"column":31}},"loc":{"start":{"line":174,"column":35},"end":{"line":174,"column":60}}},"6":{"name":"(anonymous_8)","decl":{"start":{"line":218,"column":36},"end":{"line":218,"column":37}},"loc":{"start":{"line":218,"column":54},"end":{"line":274,"column":1}}},"7":{"name":"(anonymous_9)","decl":{"start":{"line":262,"column":18},"end":{"line":262,"column":19}},"loc":{"start":{"line":262,"column":28},"end":{"line":262,"column":56}}}},"branchMap":{"0":{"loc":{"start":{"line":18,"column":69},"end":{"line":18,"column":null}},"type":"if","locations":[{"start":{"line":18,"column":69},"end":{"line":18,"column":null}}]},"1":{"loc":{"start":{"line":18,"column":69},"end":{"line":18,"column":null}},"type":"cond-expr","locations":[{"start":{"line":18,"column":69},"end":{"line":18,"column":null}},{"start":{"line":18,"column":69},"end":{"line":18,"column":null}}]},"2":{"loc":{"start":{"line":18,"column":69},"end":{"line":18,"column":null}},"type":"binary-expr","locations":[{"start":{"line":18,"column":69},"end":{"line":18,"column":null}},{"start":{"line":18,"column":69},"end":{"line":18,"column":null}},{"start":{"line":18,"column":69},"end":{"line":18,"column":null}}]},"3":{"loc":{"start":{"line":26,"column":4},"end":{"line":26,"column":18}},"type":"default-arg","locations":[{"start":{"line":26,"column":13},"end":{"line":26,"column":18}}]},"4":{"loc":{"start":{"line":27,"column":13},"end":{"line":27,"column":31}},"type":"default-arg","locations":[{"start":{"line":27,"column":26},"end":{"line":27,"column":31}}]},"5":{"loc":{"start":{"line":30,"column":4},"end":{"line":30,"column":null}},"type":"default-arg","locations":[{"start":{"line":30,"column":14},"end":{"line":30,"column":null}}]},"6":{"loc":{"start":{"line":35,"column":2},"end":{"line":38,"column":null}},"type":"if","locations":[{"start":{"line":35,"column":2},"end":{"line":38,"column":null}}]},"7":{"loc":{"start":{"line":40,"column":2},"end":{"line":42,"column":null}},"type":"if","locations":[{"start":{"line":40,"column":2},"end":{"line":42,"column":null}}]},"8":{"loc":{"start":{"line":52,"column":4},"end":{"line":55,"column":null}},"type":"if","locations":[{"start":{"line":52,"column":4},"end":{"line":55,"column":null}}]},"9":{"loc":{"start":{"line":62,"column":18},"end":{"line":62,"column":41}},"type":"binary-expr","locations":[{"start":{"line":62,"column":18},"end":{"line":62,"column":30}},{"start":{"line":62,"column":34},"end":{"line":62,"column":41}}]},"10":{"loc":{"start":{"line":63,"column":8},"end":{"line":64,"column":null}},"type":"if","locations":[{"start":{"line":63,"column":8},"end":{"line":64,"column":null}},{"start":{"line":64,"column":13},"end":{"line":64,"column":null}}]},"11":{"loc":{"start":{"line":75,"column":11},"end":{"line":77,"column":64}},"type":"cond-expr","locations":[{"start":{"line":76,"column":12},"end":{"line":76,"column":74}},{"start":{"line":77,"column":12},"end":{"line":77,"column":64}}]},"12":{"loc":{"start":{"line":101,"column":4},"end":{"line":108,"column":null}},"type":"if","locations":[{"start":{"line":101,"column":4},"end":{"line":108,"column":null}}]},"13":{"loc":{"start":{"line":118,"column":23},"end":{"line":118,"column":49}},"type":"binary-expr","locations":[{"start":{"line":118,"column":23},"end":{"line":118,"column":30}},{"start":{"line":118,"column":34},"end":{"line":118,"column":49}}]},"14":{"loc":{"start":{"line":127,"column":4},"end":{"line":129,"column":null}},"type":"if","locations":[{"start":{"line":127,"column":4},"end":{"line":129,"column":null}}]},"15":{"loc":{"start":{"line":135,"column":4},"end":{"line":142,"column":null}},"type":"if","locations":[{"start":{"line":135,"column":4},"end":{"line":142,"column":null}}]},"16":{"loc":{"start":{"line":148,"column":7},"end":{"line":148,"column":46}},"type":"cond-expr","locations":[{"start":{"line":148,"column":29},"end":{"line":148,"column":31}},{"start":{"line":148,"column":34},"end":{"line":148,"column":46}}]},"17":{"loc":{"start":{"line":150,"column":4},"end":{"line":157,"column":null}},"type":"if","locations":[{"start":{"line":150,"column":4},"end":{"line":157,"column":null}}]},"18":{"loc":{"start":{"line":172,"column":11},"end":{"line":172,"column":45}},"type":"binary-expr","locations":[{"start":{"line":172,"column":11},"end":{"line":172,"column":32}},{"start":{"line":172,"column":36},"end":{"line":172,"column":45}}]},"19":{"loc":{"start":{"line":178,"column":4},"end":{"line":181,"column":null}},"type":"if","locations":[{"start":{"line":178,"column":4},"end":{"line":181,"column":null}}]},"20":{"loc":{"start":{"line":183,"column":4},"end":{"line":187,"column":null}},"type":"if","locations":[{"start":{"line":183,"column":4},"end":{"line":187,"column":null}}]},"21":{"loc":{"start":{"line":183,"column":8},"end":{"line":183,"column":47}},"type":"binary-expr","locations":[{"start":{"line":183,"column":8},"end":{"line":183,"column":27}},{"start":{"line":183,"column":31},"end":{"line":183,"column":47}}]},"22":{"loc":{"start":{"line":185,"column":6},"end":{"line":186,"column":null}},"type":"if","locations":[{"start":{"line":185,"column":6},"end":{"line":186,"column":null}},{"start":{"line":186,"column":11},"end":{"line":186,"column":null}}]},"23":{"loc":{"start":{"line":189,"column":4},"end":{"line":189,"column":null}},"type":"if","locations":[{"start":{"line":189,"column":4},"end":{"line":189,"column":null}}]},"24":{"loc":{"start":{"line":190,"column":4},"end":{"line":198,"column":null}},"type":"if","locations":[{"start":{"line":190,"column":4},"end":{"line":198,"column":null}}]},"25":{"loc":{"start":{"line":207,"column":2},"end":{"line":209,"column":null}},"type":"if","locations":[{"start":{"line":207,"column":2},"end":{"line":209,"column":null}}]}},"s":{"0":1,"1":1,"2":1,"3":1,"4":1,"5":1,"6":1,"7":1,"8":1,"9":1,"10":163,"11":1,"12":1,"13":1,"14":1,"15":1,"16":1,"17":1,"18":0,"19":1,"20":1,"21":1,"22":1,"23":1,"24":1,"25":0,"26":0,"27":0,"28":0,"29":0,"30":0,"31":0,"32":0,"33":0,"34":0,"35":0,"36":0,"37":0,"38":0,"39":0,"40":0,"41":1,"42":1,"43":1,"44":1,"45":1,"46":1,"47":0,"48":0,"49":1,"50":1,"51":1,"52":0,"53":0,"54":1,"55":1,"56":1,"57":1,"58":1,"59":1,"60":1,"61":1,"62":1,"63":1,"64":1,"65":1,"66":1,"67":1,"68":1,"69":1,"70":0,"71":1,"72":1,"73":1,"74":1,"75":0,"76":0,"77":1,"78":1,"79":1,"80":1,"81":1,"82":0,"83":0,"84":1,"85":1,"86":0,"87":0,"88":1,"89":1,"90":1,"91":1,"92":1,"93":0,"94":0,"95":0,"96":0,"97":0,"98":1,"99":0,"100":0,"101":1,"102":0,"103":0,"104":0,"105":0,"106":1,"107":1,"108":1,"109":1,"110":0,"111":0,"112":0,"113":1,"114":1,"115":1,"116":1,"117":1,"118":1,"119":1,"120":1,"121":1,"122":1,"123":0,"124":0,"125":0,"126":0,"127":0,"128":1},"f":{"0":5,"1":1,"2":0,"3":0,"4":0,"5":0,"6":0,"7":0},"b":{"0":[47],"1":[100,102],"2":[51,51,49],"3":[1],"4":[1],"5":[1],"6":[1],"7":[0],"8":[0],"9":[0,0],"10":[0,0],"11":[0,0],"12":[0],"13":[1,1],"14":[0],"15":[0],"16":[0,1],"17":[0],"18":[1,0],"19":[0],"20":[0],"21":[1,0],"22":[0,0],"23":[1],"24":[1],"25":[1]}}
,"/Users/zane/.liq/playground/liquid-labs/liq-projects/src/handlers/projects/_lib/destroy-lib.mjs": {"path":"/Users/zane/.liq/playground/liquid-labs/liq-projects/src/handlers/projects/_lib/destroy-lib.mjs","statementMap":{"0":{"start":{"line":1,"column":0},"end":{"line":1,"column":null}},"1":{"start":{"line":2,"column":0},"end":{"line":2,"column":null}},"2":{"start":{"line":3,"column":0},"end":{"line":3,"column":null}},"3":{"start":{"line":4,"column":0},"end":{"line":4,"column":null}},"4":{"start":{"line":6,"column":0},"end":{"line":6,"column":null}},"5":{"start":{"line":8,"column":0},"end":{"line":8,"column":null}},"6":{"start":{"line":9,"column":0},"end":{"line":9,"column":null}},"7":{"start":{"line":10,"column":0},"end":{"line":10,"column":null}},"8":{"start":{"line":11,"column":0},"end":{"line":11,"column":null}},"9":{"start":{"line":13,"column":0},"end":{"line":13,"column":null}},"10":{"start":{"line":14,"column":0},"end":{"line":14,"column":51}},"11":{"start":{"line":14,"column":51},"end":{"line":14,"column":null}},"12":{"start":{"line":20,"column":18},"end":{"line":94,"column":1}},"13":{"start":{"line":21,"column":61},"end":{"line":21,"column":69}},"14":{"start":{"line":24,"column":2},"end":{"line":26,"column":null}},"15":{"start":{"line":25,"column":4},"end":{"line":25,"column":null}},"16":{"start":{"line":28,"column":2},"end":{"line":28,"column":31}},"17":{"start":{"line":30,"column":18},"end":{"line":30,"column":76}},"18":{"start":{"line":33,"column":2},"end":{"line":42,"column":null}},"19":{"start":{"line":34,"column":4},"end":{"line":34,"column":null}},"20":{"start":{"line":36,"column":7},"end":{"line":42,"column":null}},"21":{"start":{"line":37,"column":4},"end":{"line":37,"column":null}},"22":{"start":{"line":40,"column":25},"end":{"line":40,"column":82}},"23":{"start":{"line":41,"column":4},"end":{"line":41,"column":null}},"24":{"start":{"line":45,"column":22},"end":{"line":45,"column":null}},"25":{"start":{"line":47,"column":17},"end":{"line":47,"column":38}},"26":{"start":{"line":48,"column":20},"end":{"line":48,"column":55}},"27":{"start":{"line":50,"column":20},"end":{"line":50,"column":48}},"28":{"start":{"line":51,"column":2},"end":{"line":59,"column":null}},"29":{"start":{"line":52,"column":4},"end":{"line":52,"column":null}},"30":{"start":{"line":53,"column":4},"end":{"line":53,"column":null}},"31":{"start":{"line":54,"column":4},"end":{"line":54,"column":null}},"32":{"start":{"line":55,"column":4},"end":{"line":55,"column":null}},"33":{"start":{"line":58,"column":4},"end":{"line":58,"column":null}},"34":{"start":{"line":62,"column":2},"end":{"line":70,"column":null}},"35":{"start":{"line":63,"column":22},"end":{"line":63,"column":59}},"36":{"start":{"line":64,"column":4},"end":{"line":64,"column":null}},"37":{"start":{"line":65,"column":4},"end":{"line":65,"column":null}},"38":{"start":{"line":66,"column":4},"end":{"line":66,"column":null}},"39":{"start":{"line":69,"column":4},"end":{"line":69,"column":null}},"40":{"start":{"line":72,"column":2},"end":{"line":84,"column":null}},"41":{"start":{"line":73,"column":4},"end":{"line":73,"column":null}},"42":{"start":{"line":76,"column":4},"end":{"line":83,"column":null}},"43":{"start":{"line":77,"column":6},"end":{"line":77,"column":null}},"44":{"start":{"line":78,"column":6},"end":{"line":78,"column":null}},"45":{"start":{"line":79,"column":6},"end":{"line":79,"column":null}},"46":{"start":{"line":82,"column":6},"end":{"line":82,"column":null}},"47":{"start":{"line":86,"column":15},"end":{"line":86,"column":56}},"48":{"start":{"line":88,"column":12},"end":{"line":90,"column":85}},"49":{"start":{"line":91,"column":2},"end":{"line":91,"column":null}},"50":{"start":{"line":91,"column":23},"end":{"line":91,"column":null}},"51":{"start":{"line":93,"column":2},"end":{"line":93,"column":null}},"52":{"start":{"line":96,"column":0},"end":{"line":96,"column":null}},"53":{"start":{"line":99,"column":37},"end":{"line":125,"column":1}},"54":{"start":{"line":100,"column":21},"end":{"line":112,"column":null}},"55":{"start":{"line":114,"column":2},"end":{"line":114,"column":null}},"56":{"start":{"line":116,"column":2},"end":{"line":124,"column":null}},"57":{"start":{"line":125,"column":1},"end":{"line":125,"column":null}},"58":{"start":{"line":127,"column":23},"end":{"line":146,"column":1}},"59":{"start":{"line":128,"column":2},"end":{"line":130,"column":null}},"60":{"start":{"line":129,"column":4},"end":{"line":129,"column":null}},"61":{"start":{"line":132,"column":16},"end":{"line":132,"column":26}},"62":{"start":{"line":133,"column":2},"end":{"line":145,"column":null}},"63":{"start":{"line":134,"column":4},"end":{"line":134,"column":null}},"64":{"start":{"line":137,"column":4},"end":{"line":140,"column":null}},"65":{"start":{"line":139,"column":27},"end":{"line":139,"column":null}},"66":{"start":{"line":141,"column":4},"end":{"line":141,"column":null}},"67":{"start":{"line":144,"column":4},"end":{"line":144,"column":null}}},"fnMap":{"0":{"name":"_getRequireWildcardCache","decl":{"start":{"line":14,"column":51},"end":{"line":14,"column":null}},"loc":{"start":{"line":14,"column":51},"end":{"line":14,"column":null}}},"1":{"name":"(anonymous_3)","decl":{"start":{"line":20,"column":18},"end":{"line":20,"column":24}},"loc":{"start":{"line":20,"column":76},"end":{"line":94,"column":1}}},"2":{"name":"(anonymous_4)","decl":{"start":{"line":99,"column":37},"end":{"line":99,"column":38}},"loc":{"start":{"line":99,"column":55},"end":{"line":125,"column":1}}},"3":{"name":"(anonymous_5)","decl":{"start":{"line":127,"column":23},"end":{"line":127,"column":29}},"loc":{"start":{"line":127,"column":80},"end":{"line":146,"column":1}}},"4":{"name":"(anonymous_6)","decl":{"start":{"line":139,"column":19},"end":{"line":139,"column":22}},"loc":{"start":{"line":139,"column":27},"end":{"line":139,"column":null}}}},"branchMap":{"0":{"loc":{"start":{"line":14,"column":51},"end":{"line":14,"column":null}},"type":"if","locations":[{"start":{"line":14,"column":51},"end":{"line":14,"column":null}}]},"1":{"loc":{"start":{"line":14,"column":51},"end":{"line":14,"column":null}},"type":"cond-expr","locations":[{"start":{"line":14,"column":51},"end":{"line":14,"column":null}},{"start":{"line":14,"column":51},"end":{"line":14,"column":null}}]},"2":{"loc":{"start":{"line":14,"column":51},"end":{"line":14,"column":null}},"type":"binary-expr","locations":[{"start":{"line":14,"column":51},"end":{"line":14,"column":null}},{"start":{"line":14,"column":51},"end":{"line":14,"column":null}},{"start":{"line":14,"column":51},"end":{"line":14,"column":null}}]},"3":{"loc":{"start":{"line":21,"column":10},"end":{"line":21,"column":27}},"type":"default-arg","locations":[{"start":{"line":21,"column":22},"end":{"line":21,"column":27}}]},"4":{"loc":{"start":{"line":21,"column":42},"end":{"line":21,"column":57}},"type":"default-arg","locations":[{"start":{"line":21,"column":51},"end":{"line":21,"column":57}}]},"5":{"loc":{"start":{"line":24,"column":2},"end":{"line":26,"column":null}},"type":"if","locations":[{"start":{"line":24,"column":2},"end":{"line":26,"column":null}}]},"6":{"loc":{"start":{"line":33,"column":2},"end":{"line":42,"column":null}},"type":"if","locations":[{"start":{"line":33,"column":2},"end":{"line":42,"column":null}},{"start":{"line":36,"column":7},"end":{"line":42,"column":null}}]},"7":{"loc":{"start":{"line":36,"column":7},"end":{"line":42,"column":null}},"type":"if","locations":[{"start":{"line":36,"column":7},"end":{"line":42,"column":null}},{"start":{"line":39,"column":7},"end":{"line":42,"column":null}}]},"8":{"loc":{"start":{"line":45,"column":22},"end":{"line":45,"column":null}},"type":"binary-expr","locations":[{"start":{"line":45,"column":22},"end":{"line":45,"column":42}},{"start":{"line":45,"column":46},"end":{"line":45,"column":66}}]},"9":{"loc":{"start":{"line":45,"column":46},"end":{"line":45,"column":66}},"type":"cond-expr","locations":[{"start":{"line":45,"column":53},"end":{"line":45,"column":55}},{"start":{"line":45,"column":46},"end":{"line":45,"column":66}}]},"10":{"loc":{"start":{"line":45,"column":46},"end":{"line":45,"column":55}},"type":"binary-expr","locations":[{"start":{"line":45,"column":46},"end":{"line":45,"column":55}},{"start":{"line":45,"column":46},"end":{"line":45,"column":55}}]},"11":{"loc":{"start":{"line":62,"column":2},"end":{"line":70,"column":null}},"type":"if","locations":[{"start":{"line":62,"column":2},"end":{"line":70,"column":null}},{"start":{"line":68,"column":7},"end":{"line":70,"column":null}}]},"12":{"loc":{"start":{"line":72,"column":2},"end":{"line":84,"column":null}},"type":"if","locations":[{"start":{"line":72,"column":2},"end":{"line":84,"column":null}},{"start":{"line":75,"column":7},"end":{"line":84,"column":null}}]},"13":{"loc":{"start":{"line":91,"column":2},"end":{"line":91,"column":null}},"type":"if","locations":[{"start":{"line":91,"column":2},"end":{"line":91,"column":null}}]},"14":{"loc":{"start":{"line":128,"column":2},"end":{"line":130,"column":null}},"type":"if","locations":[{"start":{"line":128,"column":2},"end":{"line":130,"column":null}}]},"15":{"loc":{"start":{"line":128,"column":6},"end":{"line":128,"column":68}},"type":"binary-expr","locations":[{"start":{"line":128,"column":6},"end":{"line":128,"column":31}},{"start":{"line":128,"column":35},"end":{"line":128,"column":68}}]}},"s":{"0":1,"1":1,"2":1,"3":1,"4":1,"5":1,"6":1,"7":1,"8":1,"9":1,"10":1,"11":241,"12":1,"13":1,"14":1,"15":0,"16":1,"17":1,"18":1,"19":0,"20":1,"21":0,"22":1,"23":1,"24":1,"25":1,"26":1,"27":1,"28":1,"29":1,"30":1,"31":1,"32":1,"33":0,"34":1,"35":0,"36":0,"37":0,"38":0,"39":1,"40":1,"41":1,"42":0,"43":0,"44":0,"45":0,"46":0,"47":1,"48":1,"49":1,"50":0,"51":1,"52":1,"53":1,"54":0,"55":0,"56":0,"57":1,"58":1,"59":0,"60":0,"61":0,"62":0,"63":0,"64":0,"65":0,"66":0,"67":0},"f":{"0":7,"1":1,"2":0,"3":0,"4":0},"b":{"0":[70],"1":[149,152],"2":[76,76,73],"3":[0],"4":[0],"5":[0],"6":[0,1],"7":[0,1],"8":[1,1],"9":[1,0],"10":[1,1],"11":[0,1],"12":[1,0],"13":[0],"14":[0],"15":[0,0]}}
,"/Users/zane/.liq/playground/liquid-labs/liq-projects/src/handlers/projects/_lib/detail-lib.mjs": {"path":"/Users/zane/.liq/playground/liquid-labs/liq-projects/src/handlers/projects/_lib/detail-lib.mjs","statementMap":{"0":{"start":{"line":2,"column":0},"end":{"line":2,"column":null}},"1":{"start":{"line":4,"column":0},"end":{"line":4,"column":null}},"2":{"start":{"line":9,"column":17},"end":{"line":14,"column":1}},"3":{"start":{"line":10,"column":22},"end":{"line":10,"column":88}},"4":{"start":{"line":11,"column":2},"end":{"line":11,"column":null}},"5":{"start":{"line":11,"column":33},"end":{"line":11,"column":null}},"6":{"start":{"line":13,"column":2},"end":{"line":13,"column":null}},"7":{"start":{"line":16,"column":0},"end":{"line":16,"column":null}},"8":{"start":{"line":19,"column":36},"end":{"line":32,"column":1}},"9":{"start":{"line":20,"column":21},"end":{"line":20,"column":23}},"10":{"start":{"line":21,"column":2},"end":{"line":21,"column":null}},"11":{"start":{"line":23,"column":2},"end":{"line":31,"column":null}},"12":{"start":{"line":32,"column":1},"end":{"line":32,"column":null}}},"fnMap":{"0":{"name":"(anonymous_0)","decl":{"start":{"line":9,"column":17},"end":{"line":9,"column":18}},"loc":{"start":{"line":9,"column":53},"end":{"line":14,"column":1}}},"1":{"name":"(anonymous_1)","decl":{"start":{"line":19,"column":36},"end":{"line":19,"column":37}},"loc":{"start":{"line":19,"column":54},"end":{"line":32,"column":1}}}},"branchMap":{"0":{"loc":{"start":{"line":11,"column":2},"end":{"line":11,"column":null}},"type":"if","locations":[{"start":{"line":11,"column":2},"end":{"line":11,"column":null}}]}},"s":{"0":1,"1":1,"2":1,"3":0,"4":0,"5":0,"6":0,"7":1,"8":1,"9":1,"10":1,"11":1,"12":1},"f":{"0":0,"1":1},"b":{"0":[0]}}
,"/Users/zane/.liq/playground/liquid-labs/liq-projects/src/handlers/projects/_lib/document-lib.mjs": {"path":"/Users/zane/.liq/playground/liquid-labs/liq-projects/src/handlers/projects/_lib/document-lib.mjs","statementMap":{"0":{"start":{"line":1,"column":0},"end":{"line":1,"column":null}},"1":{"start":{"line":2,"column":0},"end":{"line":2,"column":null}},"2":{"start":{"line":4,"column":0},"end":{"line":4,"column":null}},"3":{"start":{"line":5,"column":0},"end":{"line":5,"column":null}},"4":{"start":{"line":6,"column":0},"end":{"line":6,"column":null}},"5":{"start":{"line":8,"column":0},"end":{"line":8,"column":null}},"6":{"start":{"line":9,"column":0},"end":{"line":9,"column":51}},"7":{"start":{"line":9,"column":51},"end":{"line":9,"column":null}},"8":{"start":{"line":11,"column":0},"end":{"line":11,"column":null}},"9":{"start":{"line":16,"column":19},"end":{"line":80,"column":1}},"10":{"start":{"line":17,"column":18},"end":{"line":17,"column":60}},"11":{"start":{"line":20,"column":26},"end":{"line":20,"column":33}},"12":{"start":{"line":22,"column":17},"end":{"line":22,"column":48}},"13":{"start":{"line":23,"column":18},"end":{"line":23,"column":50}},"14":{"start":{"line":25,"column":2},"end":{"line":25,"column":null}},"15":{"start":{"line":27,"column":23},"end":{"line":27,"column":36}},"16":{"start":{"line":28,"column":22},"end":{"line":28,"column":79}},"17":{"start":{"line":29,"column":15},"end":{"line":29,"column":17}},"18":{"start":{"line":31,"column":2},"end":{"line":31,"column":null}},"19":{"start":{"line":32,"column":2},"end":{"line":32,"column":null}},"20":{"start":{"line":33,"column":2},"end":{"line":33,"column":null}},"21":{"start":{"line":35,"column":19},"end":{"line":35,"column":21}},"22":{"start":{"line":37,"column":2},"end":{"line":55,"column":null}},"23":{"start":{"line":38,"column":4},"end":{"line":38,"column":null}},"24":{"start":{"line":39,"column":25},"end":{"line":39,"column":71}},"25":{"start":{"line":40,"column":23},"end":{"line":40,"column":47}},"26":{"start":{"line":41,"column":22},"end":{"line":41,"column":42}},"27":{"start":{"line":42,"column":24},"end":{"line":42,"column":55}},"28":{"start":{"line":43,"column":23},"end":{"line":43,"column":50}},"29":{"start":{"line":45,"column":4},"end":{"line":45,"column":38}},"30":{"start":{"line":47,"column":4},"end":{"line":50,"column":null}},"31":{"start":{"line":48,"column":6},"end":{"line":48,"column":null}},"32":{"start":{"line":49,"column":6},"end":{"line":49,"column":null}},"33":{"start":{"line":52,"column":28},"end":{"line":52,"column":67}},"34":{"start":{"line":54,"column":4},"end":{"line":54,"column":null}},"35":{"start":{"line":57,"column":2},"end":{"line":57,"column":null}},"36":{"start":{"line":59,"column":20},"end":{"line":59,"column":54}},"37":{"start":{"line":60,"column":20},"end":{"line":65,"column":11}},"38":{"start":{"line":66,"column":2},"end":{"line":71,"column":null}},"39":{"start":{"line":67,"column":4},"end":{"line":70,"column":null}},"40":{"start":{"line":72,"column":2},"end":{"line":75,"column":null}},"41":{"start":{"line":77,"column":2},"end":{"line":77,"column":null}},"42":{"start":{"line":79,"column":2},"end":{"line":79,"column":null}},"43":{"start":{"line":80,"column":1},"end":{"line":80,"column":null}},"44":{"start":{"line":82,"column":18},"end":{"line":86,"column":1}},"45":{"start":{"line":88,"column":22},"end":{"line":125,"column":1}},"46":{"start":{"line":89,"column":18},"end":{"line":89,"column":67}},"47":{"start":{"line":90,"column":19},"end":{"line":90,"column":48}},"48":{"start":{"line":91,"column":16},"end":{"line":91,"column":43}},"49":{"start":{"line":93,"column":16},"end":{"line":122,"column":8}},"50":{"start":{"line":124,"column":2},"end":{"line":124,"column":null}},"51":{"start":{"line":130,"column":38},"end":{"line":143,"column":1}},"52":{"start":{"line":131,"column":15},"end":{"line":135,"column":3}},"53":{"start":{"line":137,"column":17},"end":{"line":137,"column":22}},"54":{"start":{"line":139,"column":21},"end":{"line":139,"column":23}},"55":{"start":{"line":140,"column":2},"end":{"line":140,"column":null}},"56":{"start":{"line":142,"column":2},"end":{"line":142,"column":null}},"57":{"start":{"line":143,"column":1},"end":{"line":143,"column":null}}},"fnMap":{"0":{"name":"_getRequireWildcardCache","decl":{"start":{"line":9,"column":51},"end":{"line":9,"column":null}},"loc":{"start":{"line":9,"column":51},"end":{"line":9,"column":null}}},"1":{"name":"(anonymous_3)","decl":{"start":{"line":16,"column":19},"end":{"line":16,"column":25}},"loc":{"start":{"line":16,"column":70},"end":{"line":80,"column":1}}},"2":{"name":"(anonymous_4)","decl":{"start":{"line":37,"column":36},"end":{"line":37,"column":42}},"loc":{"start":{"line":37,"column":51},"end":{"line":55,"column":3}}},"3":{"name":"(anonymous_5)","decl":{"start":{"line":88,"column":22},"end":{"line":88,"column":23}},"loc":{"start":{"line":88,"column":50},"end":{"line":125,"column":1}}},"4":{"name":"(anonymous_6)","decl":{"start":{"line":130,"column":38},"end":{"line":130,"column":39}},"loc":{"start":{"line":130,"column":56},"end":{"line":143,"column":1}}}},"branchMap":{"0":{"loc":{"start":{"line":9,"column":51},"end":{"line":9,"column":null}},"type":"if","locations":[{"start":{"line":9,"column":51},"end":{"line":9,"column":null}}]},"1":{"loc":{"start":{"line":9,"column":51},"end":{"line":9,"column":null}},"type":"cond-expr","locations":[{"start":{"line":9,"column":51},"end":{"line":9,"column":null}},{"start":{"line":9,"column":51},"end":{"line":9,"column":null}}]},"2":{"loc":{"start":{"line":9,"column":51},"end":{"line":9,"column":null}},"type":"binary-expr","locations":[{"start":{"line":9,"column":51},"end":{"line":9,"column":null}},{"start":{"line":9,"column":51},"end":{"line":9,"column":null}},{"start":{"line":9,"column":51},"end":{"line":9,"column":null}}]},"3":{"loc":{"start":{"line":47,"column":4},"end":{"line":50,"column":null}},"type":"if","locations":[{"start":{"line":47,"column":4},"end":{"line":50,"column":null}}]},"4":{"loc":{"start":{"line":90,"column":19},"end":{"line":90,"column":48}},"type":"binary-expr","locations":[{"start":{"line":90,"column":19},"end":{"line":90,"column":37}},{"start":{"line":90,"column":41},"end":{"line":90,"column":48}}]}},"s":{"0":1,"1":1,"2":1,"3":1,"4":1,"5":1,"6":1,"7":163,"8":1,"9":1,"10":0,"11":0,"12":0,"13":0,"14":0,"15":0,"16":0,"17":0,"18":0,"19":0,"20":0,"21":0,"22":0,"23":0,"24":0,"25":0,"26":0,"27":0,"28":0,"29":0,"30":0,"31":0,"32":0,"33":0,"34":0,"35":0,"36":0,"37":0,"38":0,"39":0,"40":0,"41":0,"42":0,"43":1,"44":1,"45":1,"46":0,"47":0,"48":0,"49":0,"50":0,"51":1,"52":1,"53":1,"54":1,"55":1,"56":1,"57":1},"f":{"0":5,"1":0,"2":0,"3":0,"4":1},"b":{"0":[47],"1":[100,102],"2":[51,51,49],"3":[0],"4":[0,0]}}
,"/Users/zane/.liq/playground/liquid-labs/liq-projects/src/handlers/projects/_lib/get-files.mjs": {"path":"/Users/zane/.liq/playground/liquid-labs/liq-projects/src/handlers/projects/_lib/get-files.mjs","statementMap":{"0":{"start":{"line":1,"column":0},"end":{"line":1,"column":null}},"1":{"start":{"line":2,"column":0},"end":{"line":2,"column":35}},"2":{"start":{"line":2,"column":35},"end":{"line":2,"column":null}},"3":{"start":{"line":11,"column":17},"end":{"line":47,"column":1}},"4":{"start":{"line":19,"column":2},"end":{"line":19,"column":null}},"5":{"start":{"line":19,"column":26},"end":{"line":19,"column":null}},"6":{"start":{"line":21,"column":18},"end":{"line":21,"column":65}},"7":{"start":{"line":23,"column":16},"end":{"line":45,"column":5}},"8":{"start":{"line":24,"column":16},"end":{"line":24,"column":48}},"9":{"start":{"line":25,"column":4},"end":{"line":37,"column":null}},"10":{"start":{"line":26,"column":23},"end":{"line":26,"column":66}},"11":{"start":{"line":28,"column":25},"end":{"line":31,"column":12}},"12":{"start":{"line":32,"column":6},"end":{"line":32,"column":null}},"13":{"start":{"line":32,"column":46},"end":{"line":32,"column":null}},"14":{"start":{"line":34,"column":6},"end":{"line":36,"column":null}},"15":{"start":{"line":35,"column":8},"end":{"line":35,"column":null}},"16":{"start":{"line":39,"column":4},"end":{"line":43,"column":null}},"17":{"start":{"line":42,"column":6},"end":{"line":42,"column":null}},"18":{"start":{"line":44,"column":4},"end":{"line":44,"column":null}},"19":{"start":{"line":46,"column":2},"end":{"line":46,"column":null}},"20":{"start":{"line":46,"column":36},"end":{"line":46,"column":46}},"21":{"start":{"line":47,"column":1},"end":{"line":47,"column":null}}},"fnMap":{"0":{"name":"_getRequireWildcardCache","decl":{"start":{"line":2,"column":35},"end":{"line":2,"column":null}},"loc":{"start":{"line":2,"column":35},"end":{"line":2,"column":null}}},"1":{"name":"(anonymous_3)","decl":{"start":{"line":11,"column":17},"end":{"line":11,"column":23}},"loc":{"start":{"line":18,"column":6},"end":{"line":47,"column":1}}},"2":{"name":"(anonymous_4)","decl":{"start":{"line":23,"column":47},"end":{"line":23,"column":53}},"loc":{"start":{"line":23,"column":58},"end":{"line":45,"column":3}}},"3":{"name":"(anonymous_5)","decl":{"start":{"line":34,"column":14},"end":{"line":34,"column":25}},"loc":{"start":{"line":34,"column":25},"end":{"line":36,"column":7}}},"4":{"name":"(anonymous_6)","decl":{"start":{"line":46,"column":30},"end":{"line":46,"column":31}},"loc":{"start":{"line":46,"column":36},"end":{"line":46,"column":46}}}},"branchMap":{"0":{"loc":{"start":{"line":2,"column":35},"end":{"line":2,"column":null}},"type":"if","locations":[{"start":{"line":2,"column":35},"end":{"line":2,"column":null}}]},"1":{"loc":{"start":{"line":2,"column":35},"end":{"line":2,"column":null}},"type":"cond-expr","locations":[{"start":{"line":2,"column":35},"end":{"line":2,"column":null}},{"start":{"line":2,"column":35},"end":{"line":2,"column":null}}]},"2":{"loc":{"start":{"line":2,"column":35},"end":{"line":2,"column":null}},"type":"binary-expr","locations":[{"start":{"line":2,"column":35},"end":{"line":2,"column":null}},{"start":{"line":2,"column":35},"end":{"line":2,"column":null}},{"start":{"line":2,"column":35},"end":{"line":2,"column":null}}]},"3":{"loc":{"start":{"line":14,"column":2},"end":{"line":14,"column":24}},"type":"default-arg","locations":[{"start":{"line":14,"column":19},"end":{"line":14,"column":24}}]},"4":{"loc":{"start":{"line":15,"column":2},"end":{"line":15,"column":19}},"type":"default-arg","locations":[{"start":{"line":15,"column":14},"end":{"line":15,"column":19}}]},"5":{"loc":{"start":{"line":16,"column":2},"end":{"line":16,"column":18}},"type":"default-arg","locations":[{"start":{"line":16,"column":13},"end":{"line":16,"column":18}}]},"6":{"loc":{"start":{"line":19,"column":2},"end":{"line":19,"column":null}},"type":"if","locations":[{"start":{"line":19,"column":2},"end":{"line":19,"column":null}}]},"7":{"loc":{"start":{"line":25,"column":4},"end":{"line":37,"column":null}},"type":"if","locations":[{"start":{"line":25,"column":4},"end":{"line":37,"column":null}}]},"8":{"loc":{"start":{"line":26,"column":23},"end":{"line":26,"column":66}},"type":"cond-expr","locations":[{"start":{"line":26,"column":45},"end":{"line":26,"column":54}},{"start":{"line":26,"column":57},"end":{"line":26,"column":66}}]},"9":{"loc":{"start":{"line":28,"column":25},"end":{"line":31,"column":12}},"type":"cond-expr","locations":[{"start":{"line":30,"column":10},"end":{"line":30,"column":15}},{"start":{"line":31,"column":10},"end":{"line":31,"column":12}}]},"10":{"loc":{"start":{"line":28,"column":25},"end":{"line":29,"column":80}},"type":"binary-expr","locations":[{"start":{"line":28,"column":25},"end":{"line":28,"column":42}},{"start":{"line":29,"column":14},"end":{"line":29,"column":38}},{"start":{"line":29,"column":42},"end":{"line":29,"column":79}}]},"11":{"loc":{"start":{"line":32,"column":6},"end":{"line":32,"column":null}},"type":"if","locations":[{"start":{"line":32,"column":6},"end":{"line":32,"column":null}}]},"12":{"loc":{"start":{"line":39,"column":4},"end":{"line":43,"column":null}},"type":"if","locations":[{"start":{"line":39,"column":4},"end":{"line":43,"column":null}}]},"13":{"loc":{"start":{"line":39,"column":8},"end":{"line":41,"column":29}},"type":"binary-expr","locations":[{"start":{"line":39,"column":9},"end":{"line":39,"column":29}},{"start":{"line":39,"column":33},"end":{"line":39,"column":62}},{"start":{"line":40,"column":12},"end":{"line":40,"column":36}},{"start":{"line":40,"column":40},"end":{"line":40,"column":77}},{"start":{"line":41,"column":11},"end":{"line":41,"column":29}}]}},"s":{"0":2,"1":2,"2":326,"3":2,"4":32,"5":3,"6":32,"7":32,"8":84,"9":84,"10":36,"11":36,"12":36,"13":14,"14":22,"15":22,"16":48,"17":26,"18":22,"19":32,"20":77,"21":2},"f":{"0":10,"1":32,"2":84,"3":22,"4":77},"b":{"0":[94],"1":[200,204],"2":[102,102,98],"3":[30],"4":[29],"5":[7],"6":[3],"7":[36],"8":[16,20],"9":[11,25],"10":[36,12,3],"11":[14],"12":[26],"13":[48,7,47,4,45]}}
,"/Users/zane/.liq/playground/liquid-labs/liq-projects/src/handlers/projects/_lib/get-package-data.mjs": {"path":"/Users/zane/.liq/playground/liquid-labs/liq-projects/src/handlers/projects/_lib/get-package-data.mjs","statementMap":{"0":{"start":{"line":1,"column":0},"end":{"line":1,"column":null}},"1":{"start":{"line":3,"column":0},"end":{"line":3,"column":null}},"2":{"start":{"line":22,"column":23},"end":{"line":44,"column":1}},"3":{"start":{"line":23,"column":35},"end":{"line":23,"column":107}},"4":{"start":{"line":24,"column":2},"end":{"line":31,"column":null}},"5":{"start":{"line":25,"column":4},"end":{"line":30,"column":null}},"6":{"start":{"line":26,"column":6},"end":{"line":26,"column":null}},"7":{"start":{"line":29,"column":6},"end":{"line":29,"column":null}},"8":{"start":{"line":34,"column":46},"end":{"line":34,"column":103}},"9":{"start":{"line":35,"column":21},"end":{"line":35,"column":54}},"10":{"start":{"line":37,"column":2},"end":{"line":43,"column":null}},"11":{"start":{"line":44,"column":1},"end":{"line":44,"column":null}}},"fnMap":{"0":{"name":"(anonymous_0)","decl":{"start":{"line":22,"column":23},"end":{"line":22,"column":29}},"loc":{"start":{"line":22,"column":63},"end":{"line":44,"column":1}}}},"branchMap":{"0":{"loc":{"start":{"line":23,"column":35},"end":{"line":23,"column":107}},"type":"binary-expr","locations":[{"start":{"line":23,"column":35},"end":{"line":23,"column":101}},{"start":{"line":23,"column":105},"end":{"line":23,"column":107}}]},"1":{"loc":{"start":{"line":24,"column":2},"end":{"line":31,"column":null}},"type":"if","locations":[{"start":{"line":24,"column":2},"end":{"line":31,"column":null}}]},"2":{"loc":{"start":{"line":25,"column":4},"end":{"line":30,"column":null}},"type":"if","locations":[{"start":{"line":25,"column":4},"end":{"line":30,"column":null}},{"start":{"line":28,"column":9},"end":{"line":30,"column":null}}]}},"s":{"0":5,"1":5,"2":5,"3":3,"4":3,"5":1,"6":1,"7":0,"8":2,"9":2,"10":2,"11":5},"f":{"0":3},"b":{"0":[3,1],"1":[1],"2":[1,0]}}
,"/Users/zane/.liq/playground/liquid-labs/liq-projects/src/handlers/projects/_lib/rename-lib.mjs": {"path":"/Users/zane/.liq/playground/liquid-labs/liq-projects/src/handlers/projects/_lib/rename-lib.mjs","statementMap":{"0":{"start":{"line":1,"column":0},"end":{"line":1,"column":null}},"1":{"start":{"line":2,"column":0},"end":{"line":2,"column":null}},"2":{"start":{"line":4,"column":0},"end":{"line":4,"column":null}},"3":{"start":{"line":5,"column":0},"end":{"line":5,"column":null}},"4":{"start":{"line":7,"column":0},"end":{"line":7,"column":null}},"5":{"start":{"line":8,"column":0},"end":{"line":8,"column":null}},"6":{"start":{"line":9,"column":0},"end":{"line":9,"column":null}},"7":{"start":{"line":10,"column":0},"end":{"line":10,"column":null}},"8":{"start":{"line":11,"column":0},"end":{"line":11,"column":null}},"9":{"start":{"line":13,"column":0},"end":{"line":13,"column":null}},"10":{"start":{"line":14,"column":0},"end":{"line":14,"column":51}},"11":{"start":{"line":14,"column":51},"end":{"line":14,"column":null}},"12":{"start":{"line":19,"column":36},"end":{"line":55,"column":1}},"13":{"start":{"line":20,"column":15},"end":{"line":29,"column":3}},"14":{"start":{"line":31,"column":17},"end":{"line":31,"column":23}},"15":{"start":{"line":33,"column":21},"end":{"line":49,"column":null}},"16":{"start":{"line":51,"column":2},"end":{"line":51,"column":null}},"17":{"start":{"line":51,"column":28},"end":{"line":51,"column":56}},"18":{"start":{"line":52,"column":2},"end":{"line":52,"column":null}},"19":{"start":{"line":54,"column":2},"end":{"line":54,"column":null}},"20":{"start":{"line":57,"column":0},"end":{"line":57,"column":null}},"21":{"start":{"line":60,"column":17},"end":{"line":152,"column":1}},"22":{"start":{"line":61,"column":2},"end":{"line":61,"column":43}},"23":{"start":{"line":63,"column":74},"end":{"line":63,"column":82}},"24":{"start":{"line":66,"column":19},"end":{"line":66,"column":23}},"25":{"start":{"line":67,"column":2},"end":{"line":77,"column":null}},"26":{"start":{"line":68,"column":4},"end":{"line":68,"column":null}},"27":{"start":{"line":69,"column":4},"end":{"line":69,"column":null}},"28":{"start":{"line":70,"column":4},"end":{"line":70,"column":null}},"29":{"start":{"line":73,"column":4},"end":{"line":76,"column":null}},"30":{"start":{"line":74,"column":6},"end":{"line":74,"column":null}},"31":{"start":{"line":76,"column":9},"end":{"line":76,"column":null}},"32":{"start":{"line":79,"column":2},"end":{"line":91,"column":null}},"33":{"start":{"line":80,"column":4},"end":{"line":89,"column":null}},"34":{"start":{"line":81,"column":6},"end":{"line":81,"column":null
[...]
,"/Users/zane/.liq/playground/liquid-labs/liq-projects/src/handlers/projects/releases/_lib/publish-lib.mjs": {"path":"/Users/zane/.liq/playground/liquid-labs/liq-projects/src/handlers/projects/releases/_lib/publish-lib.mjs","statementMap":{"0":{"start":{"line":1,"column":0},"end":{"line":1,"column":null}},"1":{"start":{"line":3,"column":0},"end":{"line":3,"column":null}},"2":{"start":{"line":10,"column":0},"end":{"line":10,"column":null}},"3":{"start":{"line":11,"column":0},"end":{"line":11,"column":null}},"4":{"start":{"line":12,"column":0},"end":{"line":12,"column":null}},"5":{"start":{"line":13,"column":0},"end":{"line":13,"column":null}},"6":{"start":{"line":15,"column":0},"end":{"line":15,"column":null}},"7":{"start":{"line":16,"column":0},"end":{"line":16,"column":null}},"8":{"start":{"line":17,"column":0},"end":{"line":17,"column":60}},"9":{"start":{"line":17,"column":60},"end":{"line":17,"column":null}},"10":{"start":{"line":19,"column":24},"end":{"line":29,"column":1}},"11":{"start":{"line":20,"column":2},"end":{"line":20,"column":84}},"12":{"start":{"line":21,"column":25},"end":{"line":21,"column":97}},"13":{"start":{"line":22,"column":2},"end":{"line":22,"column":null}},"14":{"start":{"line":22,"column":35},"end":{"line":22,"column":151}},"15":{"start":{"line":24,"column":2},"end":{"line":24,"column":null}},"16":{"start":{"line":25,"column":19},"end":{"line":25,"column":97}},"17":{"start":{"line":26,"column":24},"end":{"line":26,"column":73}},"18":{"start":{"line":27,"column":2},"end":{"line":27,"column":null}},"19":{"start":{"line":27,"column":34},"end":{"line":27,"column":215}},"20":{"start":{"line":28,"column":2},"end":{"line":28,"column":null}},"21":{"start":{"line":31,"column":18},"end":{"line":210,"column":1}},"22":{"start":{"line":32,"column":2},"end":{"line":32,"column":null}},"23":{"start":{"line":33,"column":2},"end":{"line":33,"column":null}},"24":{"start":{"line":46,"column":6},"end":{"line":46,"column":14}},"25":{"start":{"line":48,"column":18},"end":{"line":48,"column":60}},"26":{"start":{"line":50,"column":35},"end":{"line":50,"column":42}},"27":{"start":{"line":51,"column":37},"end":{"line":51,"column":86}},"28":{"start":{"line":54,"column":27},"end":{"line":54,"column":70}},"29":{"start":{"line":56,"column":2},"end":{"line":58,"column":null}},"30":{"start":{"line":57,"column":4},"end":{"line":57,"column":null}},"31":{"start":{"line":60,"column":2},"end":{"line":62,"column":null}},"32":{"start":{"line":61,"column":4},"end":{"line":61,"column":null}},"33":{"start":{"line":65,"column":2},"end":{"line":81,"column":null}},"34":{"start":{"line":66,"column":33},"end":{"line":72,"column":null}},"35":{"start":{"line":75,"column":4},"end":{"line":78,"column":null}},"36":{"start":{"line":80,"column":4},"end":{"line":80,"column":null}},"37":{"start":{"line":83,"column":18},"end":{"line":83,"column":33}},"38":{"start":{"line":85,"column":2},"end":{"line":102,"column":null}},"39":{"start":{"line":86,"column":23},"end":{"line":95,"column":6}},"40":{"start":{"line":97,"column":16},"end":{"line":97,"column":68}},"41":{"start":{"line":99,"column":4},"end":{"line":99,"column":null}},"42":{"start":{"line":101,"column":4},"end":{"line":101,"column":null}},"43":{"start":{"line":104,"column":24},"end":{"line":104,"column":73}},"44":{"start":{"line":107,"column":2},"end":{"line":112,"column":null}},"45":{"start":{"line":108,"column":4},"end":{"line":108,"column":null}},"46":{"start":{"line":111,"column":4},"end":{"line":111,"column":null}},"47":{"start":{"line":114,"column":24},"end":{"line":114,"column":71}},"48":{"start":{"line":115,"column":21},"end":{"line":115,"column":34}},"49":{"start":{"line":117,"column":2},"end":{"line":126,"column":null}},"50":{"start":{"line":128,"column":2},"end":{"line":131,"column":null}},"51":{"start":{"line":129,"column":27},"end":{"line":129,"column":103}},"52":{"start":{"line":130,"column":4},"end":{"line":130,"column":null}},"53":{"start":{"line":130,"column":37},"end":{"line":130,"column":157}},"54":{"start":{"line":135,"column":2},"end":{"line":135,"column":null}},"55":{"start":{"line":136,"column":22},"end":{"line":136,"column":89}},"56":{"start":{"line":137,"column":2},"end":{"line":137,"column":null}},"57":{"start":{"line":137,"column":30},"end":{"line":137,"column":null}},"58":{"start":{"line":140,"column":2},"end":{"line":158,"column":null}},"59":{"start":{"line":141,"column":4},"end":{"line":156,"column":null}},"60":{"start":{"line":142,"column":6},"end":{"line":146,"column":null}},"61":{"start":{"line":148,"column":6},"end":{"line":148,"column":null}},"62":{"start":{"line":149,"column":28},"end":{"line":149,"column":104}},"63":{"start":{"line":151,"column":6},"end":{"line":152,"column":null}},"64":{"start":{"line":151,"column":38},"end":{"line":151,"column":172}},"65":{"start":{"line":152,"column":13},"end":{"line":152,"column":41}},"66":{"start":{"line":155,"column":6},"end":{"line":155,"column":null}},"67":{"start":{"line":158,"column":7},"end":{"line":158,"column":null}},"68":{"start":{"line":160,"column":2},"end":{"line":162,"column":null}},"69":{"start":{"line":161,"column":4},"end":{"line":161,"column":null}},"70":{"start":{"line":164,"column":2},"end":{"line":164,"column":null}},"71":{"start":{"line":166,"column":4},"end":{"line":166,"column":155}},"72":{"start":{"line":167,"column":2},"end":{"line":167,"column":null}},"73":{"start":{"line":167,"column":30},"end":{"line":167,"column":null}},"74":{"start":{"line":169,"column":2},"end":{"line":169,"column":null}},"75":{"start":{"line":170,"column":29},"end":{"line":170,"column":95}},"76":{"start":{"line":171,"column":2},"end":{"line":171,"column":null}},"77":{"start":{"line":171,"column":39},"end":{"line":171,"column":149}},"78":{"start":{"line":173,"column":2},"end":{"line":173,"column":null}},"79":{"start":{"line":174,"column":21},"end":{"line":174,"column":93}},"80":{"start":{"line":175,"column":2},"end":{"line":175,"column":null}},"81":{"start":{"line":175,"column":31},"end":{"line":175,"column":154}},"82":{"start":{"line":177,"column":2},"end":{"line":179,"column":null}},"83":{"start":{"line":178,"column":4},"end":{"line":178,"column":null}},"84":{"start":{"line":190,"column":21},"end":{"line":201,"column":6}},"85":{"start":{"line":203,"column":14},"end":{"line":207,"column":22}},"86":{"start":{"line":209,"column":2},"end":{"line":209,"column":null}},"87":{"start":{"line":210,"column":1},"end":{"line":210,"column":null}},"88":{"start":{"line":212,"column":33},"end":{"line":280,"column":1}},"89":{"start":{"line":213,"column":15},"end":{"line":217,"column":3}},"90":{"start":{"line":219,"column":21},"end":{"line":270,"column":null}},"91":{"start":{"line":230,"column":29},"end":{"line":230,"column":null}},"92":{"start":{"line":255,"column":29},"end":{"line":255,"column":null}},"93":{"start":{"line":272,"column":2},"end":{"line":272,"column":null}},"94":{"start":{"line":272,"column":28},"end":{"line":272,"column":56}},"95":{"start":{"line":273,"column":2},"end":{"line":273,"column":null}},"96":{"start":{"line":275,"column":2},"end":{"line":279,"column":null}},"97":{"start":{"line":282,"column":0},"end":{"line":282,"column":null}},"98":{"start":{"line":287,"column":30},"end":{"line":312,"column":1}},"99":{"start":{"line":298,"column":2},"end":{"line":298,"column":null}},"100":{"start":{"line":299,"column":2},"end":{"line":300,"column":null}},"101":{"start":{"line":299,"column":39},"end":{"line":299,"column":null}},"102":{"start":{"line":300,"column":7},"end":{"line":300,"column":null}},"103":{"start":{"line":300,"column":43},"end":{"line":300,"column":176}},"104":{"start":{"line":302,"column":2},"end":{"line":304,"column":null}},"105":{"start":{"line":303,"column":4},"end":{"line":303,"column":null}},"106":{"start":{"line":305,"column":2},"end":{"line":305,"column":null}},"107":{"start":{"line":306,"column":2},"end":{"line":311,"column":null}}},"fnMap":{"0":{"name":"_getRequireWildcardCache","decl":{"start":{"line":17,"column":60},"end":{"line":17,"column":null}},"loc":{"start":{"line":17,"column":60},"end":{"line":17,"column":null}}},"1":{"name":"(anonymous_3)","decl":{"start":{"line":19,"column":24},"end":{"line":19,"column":25}},"loc":{"start":{"line":19,"column":99},"end":{"line":29,"column":1}}},"2":{"name":"(anonymous_4)","decl":{"start":{"line":31,"column":18},"end":{"line":31,"column":24}},"loc":{"start":{"line":31,"column":76},"end":{"line":210,"column":1}}},"3":{"name":"(anonymous_5)","decl":{"start":{"line":212,"column":33},"end":{"line":212,"column":34}},"loc":{"start":{"line":212,"column":51},"end":{"line":280,"column":1}}},"4":{"name":"(anonymous_6)","decl":{"start":{"line":230,"column":23},"end":{"line":230,"column":29}},"loc":{"start":{"line":230,"column":29},"end":{"line":230,"column":null}}},"5":{"name":"(anonymous_7)","decl":{"start":{"line":255,"column":23},"end":{"line":255,"column":29}},"loc":{"start":{"line":255,"column":29},"end":{"line":255,"column":null}}},"6":{"name":"(anonymous_8)","decl":{"start":{"line":272,"column":18},"end":{"line":272,"column":19}},"loc":{"start":{"line":272,"column":28},"end":{"line":272,"column":56}}},"7":{"name":"(anonymous_9)","decl":{"start":{"line":287,"column":30},"end":{"line":287,"column":31}},"loc":{"start":{"line":296,"column":6},"end":{"line":312,"column":1}}}},"branchMap":{"0":{"loc":{"start":{"line":17,"column":60},"end":{"line":17,"column":null}},"type":"if","locations":[{"start":{"line":17,"column":60},"end":{"line":17,"column":null}}]},"1":{"loc":{"start":{"line":17,"column":60},"end":{"line":17,"column":null}},"type":"cond-expr","locations":[{"start":{"line":17,"column":60},"end":{"line":17,"column":null}},{"start":{"line":17,"column":60},"end":{"line":17,"column":null}}]},"2":{"loc":{"start":{"line":17,"column":60},"end":{"line":17,"column":null}},"type":"binary-expr","locations":[{"start":{"line":17,"column":60},"end":{"line":17,"column":null}},{"start":{"line":17,"column":60},"end":{"line":17,"column":null}},{"start":{"line":17,"column":60},"end":{"line":17,"column":null}}]},"3":{"loc":{"start":{"line":22,"column":2},"end":{"line":22,"column":null}},"type":"if","locations":[{"start":{"line":22,"column":2},"end":{"line":22,"column":null}}]},"4":{"loc":{"start":{"line":25,"column":55},"end":{"line":25,"column":96}},"type":"cond-expr","locations":[{"start":{"line":25,"column":75},"end":{"line":25,"column":77}},{"start":{"line":25,"column":81},"end":{"line":25,"column":96}}]},"5":{"loc":{"start":{"line":27,"column":2},"end":{"line":27,"column":null}},"type":"if","locations":[{"start":{"line":27,"column":2},"end":{"line":27,"column":null}}]},"6":{"loc":{"start":{"line":40,"column":4},"end":{"line":40,"column":21}},"type":"default-arg","locations":[{"start":{"line":40,"column":16},"end":{"line":40,"column":21}}]},"7":{"loc":{"start":{"line":41,"column":4},"end":{"line":41,"column":21}},"type":"default-arg","locations":[{"start":{"line":41,"column":16},"end":{"line":41,"column":21}}]},"8":{"loc":{"start":{"line":44,"column":4},"end":{"line":44,"column":23}},"type":"default-arg","locations":[{"start":{"line":44,"column":18},"end":{"line":44,"column":23}}]},"9":{"loc":{"start":{"line":54,"column":27},"end":{"line":54,"column":70}},"type":"binary-expr","locations":[{"start":{"line":54,"column":27},"end":{"line":54,"column":53}},{"start":{"line":54,"column":57},"end":{"line":54,"column":70}}]},"10":{"loc":{"start":{"line":54,"column":27},"end":{"line":54,"column":53}},"type":"cond-expr","locations":[{"start":{"line":54,"column":39},"end":{"line":54,"column":41}},{"start":{"line":54,"column":27},"end":{"line":54,"column":53}}]},"11":{"loc":{"start":{"line":54,"column":27},"end":{"line":54,"column":41}},"type":"binary-expr","locations":[{"start":{"line":54,"column":27},"end":{"line":54,"column":36}},{"start":{"line":54,"column":27},"end":{"line":54,"column":36}},{"start":{"line":54,"column":34},"end":{"line":54,"column":41}},{"start":{"line":54,"column":39},"end":{"line":54,"column":41}}]},"12":{"loc":{"start":{"line":56,"column":2},"end":{"line":58,"column":null}},"type":"if","locations":[{"start":{"line":56,"column":2},"end":{"line":58,"column":null}}]},"13":{"loc":{"start":{"line":56,"column":6},"end":{"line":56,"column":115}},"type":"binary-expr","locations":[{"start":{"line":56,"column":6},"end":{"line":56,"column":36}},{"start":{"line":56,"column":40},"end":{"line":56,"column":77}},{"start":{"line":56,"column":81},"end":{"line":56,"column":115}}]},"14":{"loc":{"start":{"line":60,"column":2},"end":{"line":62,"column":null}},"type":"if","locations":[{"start":{"line":60,"column":2},"end":{"line":62,"column":null}}]},"15":{"loc":{"start":{"line":60,"column":6},"end":{"line":60,"column":84}},"type":"binary-expr","locations":[{"start":{"line":60,"column":6},"end":{"line":60,"column":25}},{"start":{"line":60,"column":29},"end":{"line":60,"column":50}},{"start":{"line":60,"column":54},"end":{"line":60,"column":84}}]},"16":{"loc":{"start":{"line":65,"column":2},"end":{"line":81,"column":null}},"type":"if","locations":[{"start":{"line":65,"column":2},"end":{"line":81,"column":null}}]},"17":{"loc":{"start":{"line":65,"column":6},"end":{"line":65,"column":99}},"type":"binary-expr","locations":[{"start":{"line":65,"column":6},"end":{"line":65,"column":26}},{"start":{"line":65,"column":30},"end":{"line":65,"column":47}},{"start":{"line":65,"column":51},"end":{"line":65,"column":99}}]},"18":{"loc":{"start":{"line":65,"column":51},"end":{"line":65,"column":90}},"type":"cond-expr","locations":[{"start":{"line":65,"column":68},"end":{"line":65,"column":70}},{"start":{"line":65,"column":51},"end":{"line":65,"column":90}}]},"19":{"loc":{"start":{"line":65,"column":51},"end":{"line":65,"column":70}},"type":"binary-expr","locations":[{"start":{"line":65,"column":51},"end":{"line":65,"column":60}},{"start":{"line":65,"column":51},"end":{"line":65,"column":60}},{"start":{"line":65,"column":58},"end":{"line":65,"column":65}},{"start":{"line":65,"column":63},"end":{"line":65,"column":65}},{"start":{"line":65,"column":63},"end":{"line":65,"column":70}},{"start":{"line":65,"column":68},"end":{"line":65,"column":70}}]},"20":{"loc":{"start":{"line":85,"column":2},"end":{"line":102,"column":null}},"type":"if","locations":[{"start":{"line":85,"column":2},"end":{"line":102,"column":null}}]},"21":{"loc":{"start":{"line":107,"column":2},"end":{"line":112,"column":null}},"type":"if","locations":[{"start":{"line":107,"column":2},"end":{"line":112,"column":null}},{"start":{"line":110,"column":7},"end":{"line":112,"column":null}}]},"22":{"loc":{"start":{"line":128,"column":2},"end":{"line":131,"column":null}},"type":"if","locations":[{"start":{"line":128,"column":2},"end":{"line":131,"column":null}}]},"23":{"loc":{"start":{"line":130,"column":4},"end":{"line":130,"column":null}},"type":"if","locations":[{"start":{"line":130,"column":4},"end":{"line":130,"column":null}}]},"24":{"loc":{"start":{"line":137,"column":2},"end":{"line":137,"column":null}},"type":"if","locations":[{"start":{"line":137,"column":2},"end":{"line":137,"column":null}}]},"25":{"loc":{"start":{"line":140,"column":2},"end":{"line":158,"column":null}},"type":"if","locations":[{"start":{"line":140,"column":2},"end":{"line":158,"column":null}},{"start":{"line":158,"column":7},"end":{"line":158,"column":null}}]},"26":{"loc":{"start":{"line":151,"column":6},"end":{"line":152,"column":null}},"type":"if","locations":[{"start":{"line":151,"column":6},"end":{"line":152,"column":null}},{"start":{"line":152,"column":11},"end":{"line":152,"column":null}}]},"27":{"loc":{"start":{"line":160,"column":2},"end":{"line":162,"column":null}},"type":"if","locations":[{"start":{"line":160,"column":2},"end":{"line":162,"column":null}}]},"28":{"loc":{"start":{"line":160,"column":6},"end":{"line":160,"column":77}},"type":"binary-expr","locations":[{"start":{"line":160,"column":6},"end":{"line":160,"column":34}},{"start":{"line":160,"column":39},"end":{"line":160,"column":77}}]},"29":{"loc":{"start":{"line":167,"column":2},"end":{"line":167,"column":null}},"type":"if","locations":[{"start":{"line":167,"column":2},"end":{"line":167,"column":null}}]},"30":{"loc":{"start":{"line":171,"column":2},"end":{"line":171,"column":null}},"type":"if","locations":[{"start":{"line":171,"column":2},"end":{"line":171,"column":null}}]},"31":{"loc":{"start":{"line":175,"column":2},"end":{"line":175,"column":null}},"type":"if","locations":[{"start":{"line":175,"column":2},"end":{"line":175,"column":null}}]},"32":{"loc":{"start":{"line":177,"column":2},"end":{"line":179,"column":null}},"type":"if","locations":[{"start":{"line":177,"column":2},"end":{"line":179,"column":null}}]},"33":{"loc":{"start":{"line":177,"column":6},"end":{"line":177,"column":71}},"type":"binary-expr","locations":[{"start":{"line":177,"column":6},"end":{"line":177,"column":31}},{"start":{"line":177,"column":36},"end":{"line":177,"column":71}}]},"34":{"loc":{"start":{"line":190,"column":21},"end":{"line":201,"column":6}},"type":"cond-expr","locations":[{"start":{"line":191,"column":6},"end":{"line":191,"column":8}},{"start":{"line":192,"column":6},"end":{"line":201,"column":6}}]},"35":{"loc":{"start":{"line":204,"column":7},"end":{"line":206,"column":80}},"type":"cond-expr","locations":[{"start":{"line":205,"column":9},"end":{"line":205,"column":63}},{"start":{"line":206,"column":9},"end":{"line":206,"column":80}}]},"36":{"loc":{"start":{"line":204,"column":7},"end":{"line":204,"column":62}},"type":"binary-expr","locations":[{"start":{"line":204,"column":7},"end":{"line":204,"column":28}},{"start":{"line":204,"column":32},"end":{"line":204,"column":62}}]},"37":{"loc":{"start":{"line":298,"column":2},"end":{"line":298,"column":52}},"type":"binary-expr","locations":[{"start":{"line":298,"column":2},"end":{"line":298,"column":12}},{"start":{"line":298,"column":2},"end":{"line":298,"column":12}},{"start":{"line":298,"column":2},"end":{"line":298,"column":52}}]},"38":{"loc":{"start":{"line":299,"column":2},"end":{"line":300,"column":null}},"type":"if","locations":[{"start":{"line":299,"column":2},"end":{"line":300,"column":null}},{"start":{"line":300,"column":7},"end":{"line":300,"column":null}}]},"39":{"loc":{"start":{"line":300,"column":7},"end":{"line":300,"column":null}},"type":"if","locations":[{"start":{"line":300,"column":7},"end":{"line":300,"column":null}}]},"40":{"loc":{"start":{"line":302,"column":2},"end":{"line":304,"column":null}},"type":"if","locations":[{"start":{"line":302,"column":2},"end":{"line":304,"column":null}}]}},"s":{"0":0,"1":0,"2":0,"3":0,"4":0,"5":0,"6":0,"7":0,"8":0,"9":0,"10":0,"11":0,"12":0,"13":0,"14":0,"15":0,"16":0,"17":0,"18":0,"19":0,"20":0,"21":0,"22":0,"23":0,"24":0,"25":0,"26":0,"27":0,"28":0,"29":0,"30":0,"31":0,"32":0,"33":0,"34":0,"35":0,"36":0,"37":0,"38":0,"39":0,"40":0,"41":0,"42":0,"43":0,"44":0,"45":0,"46":0,"47":0,"48":0,"49":0,"50":0,"51":0,"52":0,"53":0,"54":0,"55":0,"56":0,"57":0,"58":0,"59":0,"60":0,"61":0,"62":0,"63":0,"64":0,"65":0,"66":0,"67":0,"68":0,"69":0,"70":0,"71":0,"72":0,"73":0,"74":0,"75":0,"76":0,"77":0,"78":0,"79":0,"80":0,"81":0,"82":0,"83":0,"84":0,"85":0,"86":0,"87":0,"88":0,"89":0,"90":0,"91":0,"92":0,"93":0,"94":0,"95":0,"96":0,"97":0,"98":0,"99":0,"100":0,"101":0,"102":0,"103":0,"104":0,"105":0,"106":0,"107":0},"f":{"0":0,"1":0,"2":0,"3":0,"4":0,"5":0,"6":0,"7":0},"b":{"0":[0],"1":[0,0],"2":[0,0,0],"3":[0],"4":[0,0],"5":[0],"6":[0],"7":[0],"8":[0],"9":[0,0],"10":[0,0],"11":[0,0,0,0],"12":[0],"13":[0,0,0],"14":[0],"15":[0,0,0],"16":[0],"17":[0,0,0],"18":[0,0],"19":[0,0,0,0,0,0],"20":[0],"21":[0,0],"22":[0],"23":[0],"24":[0],"25":[0,0],"26":[0,0],"27":[0],"28":[0,0],"29":[0],"30":[0],"31":[0],"32":[0],"33":[0,0],"34":[0,0],"35":[0,0],"36":[0,0],"37":[0,0,0],"38":[0,0],"39":[0],"40":[0]}}
}
